[NotebookApp | WARNING] No nbgrader_config.py file found (rerun with --debug to see where nbgrader is looking)
[NotebookApp | INFO] Loading the validate_assignment nbgrader serverextension
[NotebookApp | INFO] Serving notebooks from local directory: /home/felixneubuerger/Dokumente/introduction_to_python
[NotebookApp | INFO] The Jupyter Notebook is running at:
[NotebookApp | INFO] http://localhost:8888/?token=6c661c309b7d24a2e854c426ef489a05ba8d7ddd207a61ca
[NotebookApp | INFO] Use Control-C to stop this server and shut down all kernels (twice to skip confirmation).
[NotebookApp | CRITICAL] 
    
    To access the notebook, open this file in a browser:
        file:///run/user/1001/jupyter/nbserver-15746-open.html
    Or copy and paste one of these URLs:
        http://localhost:8888/?token=6c661c309b7d24a2e854c426ef489a05ba8d7ddd207a61ca
[NotebookApp | WARNING] Notebook 01-basic_python.ipynb is not trusted
[NotebookApp | INFO] Kernel started: 73cba91a-07bb-4c7a-b6a3-cec19329594b
[NotebookApp | INFO] Adapting to protocol v5.1 for kernel 73cba91a-07bb-4c7a-b6a3-cec19329594b
[NotebookApp | INFO] Kernel interrupted: 73cba91a-07bb-4c7a-b6a3-cec19329594b
[NotebookApp | INFO] Saving file at /01-basic_python.ipynb
[NotebookApp | INFO] Saving file at /01-basic_python.ipynb
[NotebookApp | INFO] Saving file at /01-basic_python.ipynb
[NotebookApp | INFO] Saving file at /01-basic_python.ipynb
[NotebookApp | INFO] Saving file at /01-basic_python.ipynb
[NotebookApp | INFO] Saving file at /01-basic_python.ipynb
[NotebookApp | INFO] Saving file at /01-basic_python.ipynb
[NotebookApp | INFO] Saving file at /01-basic_python.ipynb
[NotebookApp | INFO] Saving file at /01-basic_python.ipynb
[NotebookApp | INFO] Starting buffering for 73cba91a-07bb-4c7a-b6a3-cec19329594b:c2decb3b71fa4e79b9681ea99640d094
[NotebookApp | INFO] interrupted
[NotebookApp | CRITICAL] Shutdown confirmed
[NotebookApp | INFO] Shutting down 1 kernel
[NotebookApp | INFO] Kernel shutdown: 73cba91a-07bb-4c7a-b6a3-cec19329594b
[NotebookApp | WARNING] No nbgrader_config.py file found (rerun with --debug to see where nbgrader is looking)
[NotebookApp | INFO] Loading the validate_assignment nbgrader serverextension
[NotebookApp | INFO] Serving notebooks from local directory: /home/felixneubuerger/Dokumente/introduction_to_python
[NotebookApp | INFO] The Jupyter Notebook is running at:
[NotebookApp | INFO] http://localhost:8888/?token=9d77b807e1ba2c0576074e81d4dbc7bd6688dd00d20e2e38
[NotebookApp | INFO] Use Control-C to stop this server and shut down all kernels (twice to skip confirmation).
[NotebookApp | CRITICAL] 
    
    To access the notebook, open this file in a browser:
        file:///run/user/1001/jupyter/nbserver-2407-open.html
    Or copy and paste one of these URLs:
        http://localhost:8888/?token=9d77b807e1ba2c0576074e81d4dbc7bd6688dd00d20e2e38
[NotebookApp | INFO] Kernel started: 46936c6b-3719-4738-be8b-490c26af9d41
[NotebookApp | INFO] Adapting to protocol v5.1 for kernel 46936c6b-3719-4738-be8b-490c26af9d41
[NotebookApp | INFO] Saving file at /01-basic_python.ipynb
[NotebookApp | INFO] Creating new notebook in 
[NotebookApp | INFO] Kernel started: cc3a3ce8-2578-4770-b4d5-a0e8c02ec5a2
[NotebookApp | INFO] Adapting to protocol v5.1 for kernel cc3a3ce8-2578-4770-b4d5-a0e8c02ec5a2
[NotebookApp | INFO] Saving file at /01-basic_python.ipynb
[NotebookApp | INFO] Saving file at /02-functions.ipynb
[NotebookApp | INFO] Saving file at /02-functions.ipynb
[NotebookApp | INFO] Saving file at /02-functions.ipynb
[NotebookApp | INFO] Saving file at /02-functions.ipynb
[NotebookApp | INFO] Saving file at /02-functions.ipynb
[NotebookApp | INFO] Saving file at /02-functions.ipynb
[NotebookApp | INFO] Saving file at /02-functions.ipynb
[NotebookApp | INFO] Saving file at /02-functions.ipynb
[NotebookApp | INFO] Saving file at /02-functions.ipynb
[NotebookApp | INFO] Saving file at /02-functions.ipynb
[NotebookApp | INFO] 302 GET / (127.0.0.1) 0.32ms
[NotebookApp | INFO] 302 GET /tree? (127.0.0.1) 0.87ms
[NotebookApp | INFO] Saving file at /02-functions.ipynb
[NotebookApp | INFO] 302 GET / (127.0.0.1) 0.29ms
[NotebookApp | INFO] 302 GET /tree? (127.0.0.1) 0.46ms
[NotebookApp | INFO] Saving file at /02-functions.ipynb
[NotebookApp | INFO] Saving file at /02-functions.ipynb
[NotebookApp | INFO] Saving file at /02-functions.ipynb
[NotebookApp | INFO] Saving file at /02-functions.ipynb
[NotebookApp | INFO] Saving file at /02-functions.ipynb
[NotebookApp | INFO] Saving file at /02-functions.ipynb
[NotebookApp | INFO] Saving file at /02-functions.ipynb
[NotebookApp | INFO] Saving file at /02-functions.ipynb
[NotebookApp | INFO] Saving file at /02-functions.ipynb
[NotebookApp | INFO] Saving file at /02-functions.ipynb
[NotebookApp | INFO] Saving file at /02-functions.ipynb
[NotebookApp | INFO] Saving file at /02-functions.ipynb
[NotebookApp | INFO] Saving file at /02-functions.ipynb
[NotebookApp | INFO] Saving file at /02-functions.ipynb
[NotebookApp | INFO] Starting buffering for 46936c6b-3719-4738-be8b-490c26af9d41:213ada5e2f494f088926ba760f75b46c
[NotebookApp | INFO] Kernel restarted: 46936c6b-3719-4738-be8b-490c26af9d41
[NotebookApp | INFO] Adapting to protocol v5.1 for kernel 46936c6b-3719-4738-be8b-490c26af9d41
[NotebookApp | INFO] Restoring connection for 46936c6b-3719-4738-be8b-490c26af9d41:213ada5e2f494f088926ba760f75b46c
[NotebookApp | INFO] Replaying 6 buffered messages
[NotebookApp | INFO] Saving file at /01-basic_python.ipynb
[NotebookApp | INFO] Saving file at /02-functions.ipynb
[NotebookApp | INFO] Saving file at /02-functions.ipynb
[NotebookApp | INFO] Saving file at /02-functions.ipynb
[NotebookApp | INFO] Saving file at /02-functions.ipynb
[NotebookApp | INFO] Saving file at /02-functions.ipynb
[NotebookApp | INFO] Saving file at /02-functions.ipynb
[NotebookApp | INFO] Saving file at /02-functions.ipynb
[NotebookApp | INFO] Saving file at /02-functions.ipynb
[NotebookApp | INFO] Saving file at /02-functions.ipynb
[NotebookApp | INFO] Saving file at /02-functions.ipynb
[NotebookApp | INFO] Saving file at /02-functions.ipynb
[NotebookApp | INFO] Saving file at /02-functions.ipynb
[NotebookApp | INFO] Saving file at /02-functions.ipynb
[NotebookApp | INFO] Saving file at /02-functions.ipynb
[NotebookApp | INFO] Saving file at /02-functions.ipynb
[NotebookApp | INFO] Saving file at /02-functions.ipynb
[NotebookApp | INFO] Starting buffering for cc3a3ce8-2578-4770-b4d5-a0e8c02ec5a2:77b5a3d4e66d40ec81c2361361656e23
[NotebookApp | INFO] Starting buffering for 46936c6b-3719-4738-be8b-490c26af9d41:213ada5e2f494f088926ba760f75b46c
[NotebookApp | INFO] interrupted
[NotebookApp | CRITICAL] Shutdown confirmed
[NotebookApp | INFO] Shutting down 2 kernels
[NotebookApp | INFO] Kernel shutdown: 46936c6b-3719-4738-be8b-490c26af9d41
[NotebookApp | INFO] Kernel shutdown: cc3a3ce8-2578-4770-b4d5-a0e8c02ec5a2
[NotebookApp | WARNING] No nbgrader_config.py file found (rerun with --debug to see where nbgrader is looking)
[NotebookApp | INFO] Loading the validate_assignment nbgrader serverextension
[NotebookApp | INFO] Serving notebooks from local directory: /home/felixneubuerger/Dokumente/introduction_to_python
[NotebookApp | INFO] The Jupyter Notebook is running at:
[NotebookApp | INFO] http://localhost:8888/?token=9bf0180ce0c921d895081666cf793e9d9ad6c3d43d9cc3f3
[NotebookApp | INFO] Use Control-C to stop this server and shut down all kernels (twice to skip confirmation).
[NotebookApp | CRITICAL] 
    
    To access the notebook, open this file in a browser:
        file:///run/user/1001/jupyter/nbserver-3832-open.html
    Or copy and paste one of these URLs:
        http://localhost:8888/?token=9bf0180ce0c921d895081666cf793e9d9ad6c3d43d9cc3f3
[NotebookApp | INFO] Creating new notebook in 
[NotebookApp | INFO] Kernel started: 1fe81445-de1c-4fd5-9540-3fdc6a7e08dc
[NotebookApp | INFO] Adapting to protocol v5.1 for kernel 1fe81445-de1c-4fd5-9540-3fdc6a7e08dc
[NotebookApp | INFO] Saving file at /03-scientific python.ipynb
[NotebookApp | INFO] Saving file at /03-scientific python.ipynb
[NotebookApp | INFO] Saving file at /03-scientific python.ipynb
[NotebookApp | INFO] Saving file at /03-scientific python.ipynb
[NotebookApp | INFO] Saving file at /03-scientific python.ipynb
[NotebookApp | WARNING] No nbgrader_config.py file found (rerun with --debug to see where nbgrader is looking)
[NotebookApp | INFO] Loading the validate_assignment nbgrader serverextension
[NotebookApp | INFO] Serving notebooks from local directory: /home/felixneubuerger/Dokumente/introduction_to_python
[NotebookApp | INFO] The Jupyter Notebook is running at:
[NotebookApp | INFO] http://localhost:8888/?token=7f49f78fad35a735ef6940ccdffbaf462ece93865f06653b
[NotebookApp | INFO] Use Control-C to stop this server and shut down all kernels (twice to skip confirmation).
[NotebookApp | CRITICAL] 
    
    To access the notebook, open this file in a browser:
        file:///run/user/1001/jupyter/nbserver-3120-open.html
    Or copy and paste one of these URLs:
        http://localhost:8888/?token=7f49f78fad35a735ef6940ccdffbaf462ece93865f06653b
[NotebookApp | WARNING] No nbgrader_config.py file found (rerun with --debug to see where nbgrader is looking)
[NotebookApp | INFO] Loading the validate_assignment nbgrader serverextension
[NotebookApp | INFO] Serving notebooks from local directory: /home/felixneubuerger/Dokumente/introduction_to_python
[NotebookApp | INFO] The Jupyter Notebook is running at:
[NotebookApp | INFO] http://localhost:8888/?token=b8d94abca144a287381c754a01e491c7323b298a44094fb3
[NotebookApp | INFO] Use Control-C to stop this server and shut down all kernels (twice to skip confirmation).
[NotebookApp | CRITICAL] 
    
    To access the notebook, open this file in a browser:
        file:///run/user/1001/jupyter/nbserver-12003-open.html
    Or copy and paste one of these URLs:
        http://localhost:8888/?token=b8d94abca144a287381c754a01e491c7323b298a44094fb3
[NotebookApp | INFO] Kernel started: 2e9a29b2-21ea-4369-b7d2-7e294133c286
[NotebookApp | INFO] Adapting to protocol v5.1 for kernel 2e9a29b2-21ea-4369-b7d2-7e294133c286
[NotebookApp | INFO] Saving file at /03-scientific python.ipynb
[NotebookApp | INFO] Saving file at /03-scientific python.ipynb
[NotebookApp | INFO] Saving file at /03-scientific python.ipynb
[NotebookApp | INFO] Saving file at /03-scientific python.ipynb
[NotebookApp | INFO] Saving file at /03-scientific python.ipynb
[NotebookApp | INFO] Saving file at /03-scientific python.ipynb
[NotebookApp | INFO] Saving file at /03-scientific python.ipynb
[NotebookApp | INFO] Saving file at /03-scientific python.ipynb
[NotebookApp | INFO] Saving file at /03-scientific python.ipynb
[NotebookApp | INFO] Saving file at /03-scientific python.ipynb
[NotebookApp | INFO] Saving file at /03-scientific python.ipynb
[NotebookApp | INFO] Saving file at /03-scientific python.ipynb
[NotebookApp | INFO] Saving file at /03-scientific python.ipynb
[NotebookApp | INFO] Saving file at /03-scientific python.ipynb
[NotebookApp | INFO] Saving file at /03-scientific python.ipynb
[NotebookApp | INFO] Saving file at /03-scientific python.ipynb
[NotebookApp | INFO] Saving file at /03-scientific python.ipynb
[NotebookApp | INFO] Saving file at /03-scientific python.ipynb
[NotebookApp | INFO] Saving file at /03-scientific python.ipynb
[NotebookApp | INFO] Saving file at /03-scientific python.ipynb
[NotebookApp | INFO] Saving file at /03-scientific python.ipynb
[NotebookApp | INFO] Saving file at /03-scientific python.ipynb
[NotebookApp | INFO] Saving file at /03-scientific python.ipynb
[NotebookApp | INFO] Saving file at /03-scientific python.ipynb
[NotebookApp | INFO] Saving file at /03-scientific python.ipynb
[NotebookApp | INFO] Saving file at /03-scientific python.ipynb
[NotebookApp | INFO] Saving file at /03-scientific python.ipynb
[NotebookApp | INFO] Saving file at /03-scientific python.ipynb
[NotebookApp | INFO] Saving file at /03-scientific python.ipynb
[NotebookApp | INFO] Saving file at /03-scientific python.ipynb
[NotebookApp | INFO] Saving file at /03-scientific python.ipynb
[NotebookApp | INFO] Saving file at /03-scientific python.ipynb
[NotebookApp | INFO] Saving file at /03-scientific python.ipynb
[NotebookApp | INFO] Saving file at /03-scientific python.ipynb
[NotebookApp | INFO] Saving file at /03-scientific python.ipynb
[NotebookApp | INFO] Saving file at /03-scientific python.ipynb
[NotebookApp | INFO] Saving file at /03-scientific python.ipynb
[NotebookApp | INFO] Starting buffering for 2e9a29b2-21ea-4369-b7d2-7e294133c286:db9fe7ece9cf4558837c6b0711393b5e
[NotebookApp | INFO] interrupted
[NotebookApp | CRITICAL] Shutdown confirmed
[NotebookApp | INFO] Shutting down 1 kernel
[NotebookApp | INFO] Kernel shutdown: 2e9a29b2-21ea-4369-b7d2-7e294133c286
[NotebookApp | WARNING] No nbgrader_config.py file found (rerun with --debug to see where nbgrader is looking)
[NotebookApp | INFO] Loading the validate_assignment nbgrader serverextension
[NotebookApp | INFO] Serving notebooks from local directory: /home/felixneubuerger/Dokumente/introduction_to_python
[NotebookApp | INFO] The Jupyter Notebook is running at:
[NotebookApp | INFO] http://localhost:8888/?token=5fca10e8fefff9faffa06658c2d9cf7a6d66d0b872d0a234
[NotebookApp | INFO] Use Control-C to stop this server and shut down all kernels (twice to skip confirmation).
[NotebookApp | CRITICAL] 
    
    To access the notebook, open this file in a browser:
        file:///run/user/1001/jupyter/nbserver-15944-open.html
    Or copy and paste one of these URLs:
        http://localhost:8888/?token=5fca10e8fefff9faffa06658c2d9cf7a6d66d0b872d0a234
[NotebookApp | INFO] Creating new notebook in 
[NotebookApp | INFO] Kernel started: 5fdc6829-19b8-4d33-98ea-1df6cd4fb744
[NotebookApp | INFO] Adapting to protocol v5.1 for kernel 5fdc6829-19b8-4d33-98ea-1df6cd4fb744
[NotebookApp | INFO] Saving file at /04-Object Oriented Programming.ipynb
[NotebookApp | INFO] Saving file at /04-Object Oriented Programming.ipynb
[NotebookApp | INFO] Saving file at /04-Object Oriented Programming.ipynb
[NotebookApp | INFO] Saving file at /04-Object Oriented Programming.ipynb
[NotebookApp | INFO] Saving file at /04-Object Oriented Programming.ipynb
[NotebookApp | INFO] Saving file at /04-Object Oriented Programming.ipynb
[NotebookApp | INFO] Saving file at /04-Object Oriented Programming.ipynb
[NotebookApp | INFO] Saving file at /04-Object Oriented Programming.ipynb
[NotebookApp | INFO] Saving file at /04-Object Oriented Programming.ipynb
[NotebookApp | INFO] Saving file at /04-Object Oriented Programming.ipynb
[NotebookApp | INFO] Saving file at /04-Object Oriented Programming.ipynb
[NotebookApp | INFO] Saving file at /04-Object Oriented Programming.ipynb
[NotebookApp | INFO] Saving file at /04-Object Oriented Programming.ipynb
[NotebookApp | INFO] Saving file at /04-Object Oriented Programming.ipynb
[NotebookApp | INFO] Saving file at /04-Object Oriented Programming.ipynb
[NotebookApp | INFO] Saving file at /04-Object Oriented Programming.ipynb
[NotebookApp | INFO] Saving file at /04-Object Oriented Programming.ipynb
[NotebookApp | INFO] Saving file at /04-Object Oriented Programming.ipynb
[NotebookApp | INFO] Saving file at /04-Object Oriented Programming.ipynb
[NotebookApp | INFO] Saving file at /04-Object Oriented Programming.ipynb
[NotebookApp | INFO] Saving file at /04-Object Oriented Programming.ipynb
[NotebookApp | INFO] Saving file at /04-Object Oriented Programming.ipynb
[NotebookApp | INFO] Saving file at /04-Object Oriented Programming.ipynb
[NotebookApp | INFO] Saving file at /04-Object Oriented Programming.ipynb
[NotebookApp | INFO] Saving file at /04-Object Oriented Programming.ipynb
[NotebookApp | INFO] Saving file at /04-Object Oriented Programming.ipynb
[NotebookApp | INFO] Saving file at /04-Object Oriented Programming.ipynb
[NotebookApp | INFO] Starting buffering for 5fdc6829-19b8-4d33-98ea-1df6cd4fb744:eb2f02d4997240be9337abc8940774e3
[NotebookApp | INFO] Kernel restarted: 5fdc6829-19b8-4d33-98ea-1df6cd4fb744
[NotebookApp | INFO] Adapting to protocol v5.1 for kernel 5fdc6829-19b8-4d33-98ea-1df6cd4fb744
[NotebookApp | INFO] Restoring connection for 5fdc6829-19b8-4d33-98ea-1df6cd4fb744:eb2f02d4997240be9337abc8940774e3
[NotebookApp | INFO] Replaying 6 buffered messages
[NotebookApp | INFO] Saving file at /04-Object Oriented Programming.ipynb
[NotebookApp | INFO] Saving file at /04-Object Oriented Programming.ipynb
[NotebookApp | INFO] Saving file at /04-Object Oriented Programming.ipynb
[NotebookApp | INFO] Saving file at /04-Object Oriented Programming.ipynb
[NotebookApp | INFO] Saving file at /04-Object Oriented Programming.ipynb
[NotebookApp | INFO] Saving file at /04-Object Oriented Programming.ipynb
[NotebookApp | INFO] Saving file at /04-Object Oriented Programming.ipynb
[NotebookApp | INFO] Saving file at /04-Object Oriented Programming.ipynb
[NotebookApp | INFO] Saving file at /04-Object Oriented Programming.ipynb
[NotebookApp | INFO] Saving file at /04-Object Oriented Programming.ipynb
[NotebookApp | INFO] Saving file at /04-Object Oriented Programming.ipynb
[NotebookApp | INFO] Saving file at /04-Object Oriented Programming.ipynb
[NotebookApp | INFO] Saving file at /04-Object Oriented Programming.ipynb
[NotebookApp | INFO] Saving file at /04-Object Oriented Programming.ipynb
[NotebookApp | INFO] Saving file at /04-Object Oriented Programming.ipynb
[NotebookApp | INFO] Saving file at /04-Object Oriented Programming.ipynb
[NotebookApp | WARNING] 403 PUT /api/contents/04-Object%20Oriented%20Programming.ipynb (127.0.0.1): '_xsrf' argument missing from POST
[NotebookApp | WARNING] '_xsrf' argument missing from POST
[NotebookApp | WARNING] 403 PUT /api/contents/04-Object%20Oriented%20Programming.ipynb (127.0.0.1) 2.76ms referer=http://localhost:8888/notebooks/04-Object%20Oriented%20Programming.ipynb
[NotebookApp | WARNING] 403 PUT /api/contents/04-Object%20Oriented%20Programming.ipynb (127.0.0.1): '_xsrf' argument missing from POST
[NotebookApp | WARNING] '_xsrf' argument missing from POST
[NotebookApp | WARNING] 403 PUT /api/contents/04-Object%20Oriented%20Programming.ipynb (127.0.0.1) 2.44ms referer=http://localhost:8888/notebooks/04-Object%20Oriented%20Programming.ipynb
[NotebookApp | WARNING] 403 PUT /api/contents/04-Object%20Oriented%20Programming.ipynb (127.0.0.1): '_xsrf' argument missing from POST
[NotebookApp | WARNING] '_xsrf' argument missing from POST
[NotebookApp | WARNING] 403 PUT /api/contents/04-Object%20Oriented%20Programming.ipynb (127.0.0.1) 2.57ms referer=http://localhost:8888/notebooks/04-Object%20Oriented%20Programming.ipynb
[NotebookApp | WARNING] 403 PUT /api/contents/04-Object%20Oriented%20Programming.ipynb (127.0.0.1): '_xsrf' argument missing from POST
[NotebookApp | WARNING] '_xsrf' argument missing from POST
[NotebookApp | WARNING] 403 PUT /api/contents/04-Object%20Oriented%20Programming.ipynb (127.0.0.1) 2.56ms referer=http://localhost:8888/notebooks/04-Object%20Oriented%20Programming.ipynb
[NotebookApp | WARNING] 403 PUT /api/contents/04-Object%20Oriented%20Programming.ipynb (127.0.0.1): '_xsrf' argument missing from POST
[NotebookApp | WARNING] '_xsrf' argument missing from POST
[NotebookApp | WARNING] 403 PUT /api/contents/04-Object%20Oriented%20Programming.ipynb (127.0.0.1) 2.45ms referer=http://localhost:8888/notebooks/04-Object%20Oriented%20Programming.ipynb
[NotebookApp | WARNING] 403 PUT /api/contents/04-Object%20Oriented%20Programming.ipynb (127.0.0.1): '_xsrf' argument missing from POST
[NotebookApp | WARNING] '_xsrf' argument missing from POST
[NotebookApp | WARNING] 403 PUT /api/contents/04-Object%20Oriented%20Programming.ipynb (127.0.0.1) 2.48ms referer=http://localhost:8888/notebooks/04-Object%20Oriented%20Programming.ipynb
[NotebookApp | WARNING] 403 PUT /api/contents/04-Object%20Oriented%20Programming.ipynb (127.0.0.1): '_xsrf' argument missing from POST
[NotebookApp | WARNING] '_xsrf' argument missing from POST
[NotebookApp | WARNING] 403 PUT /api/contents/04-Object%20Oriented%20Programming.ipynb (127.0.0.1) 2.46ms referer=http://localhost:8888/notebooks/04-Object%20Oriented%20Programming.ipynb
[NotebookApp | WARNING] 403 PUT /api/contents/04-Object%20Oriented%20Programming.ipynb (127.0.0.1): '_xsrf' argument missing from POST
[NotebookApp | WARNING] '_xsrf' argument missing from POST
[NotebookApp | WARNING] 403 PUT /api/contents/04-Object%20Oriented%20Programming.ipynb (127.0.0.1) 2.49ms referer=http://localhost:8888/notebooks/04-Object%20Oriented%20Programming.ipynb
[NotebookApp | WARNING] 403 PUT /api/contents/04-Object%20Oriented%20Programming.ipynb (127.0.0.1): '_xsrf' argument missing from POST
[NotebookApp | WARNING] '_xsrf' argument missing from POST
[NotebookApp | WARNING] 403 PUT /api/contents/04-Object%20Oriented%20Programming.ipynb (127.0.0.1) 2.42ms referer=http://localhost:8888/notebooks/04-Object%20Oriented%20Programming.ipynb
[NotebookApp | WARNING] 403 PUT /api/contents/04-Object%20Oriented%20Programming.ipynb (127.0.0.1): '_xsrf' argument missing from POST
[NotebookApp | WARNING] '_xsrf' argument missing from POST
[NotebookApp | WARNING] 403 PUT /api/contents/04-Object%20Oriented%20Programming.ipynb (127.0.0.1) 2.36ms referer=http://localhost:8888/notebooks/04-Object%20Oriented%20Programming.ipynb
[NotebookApp | WARNING] 403 PUT /api/contents/04-Object%20Oriented%20Programming.ipynb (127.0.0.1): '_xsrf' argument missing from POST
[NotebookApp | WARNING] '_xsrf' argument missing from POST
[NotebookApp | WARNING] 403 PUT /api/contents/04-Object%20Oriented%20Programming.ipynb (127.0.0.1) 1.42ms referer=http://localhost:8888/notebooks/04-Object%20Oriented%20Programming.ipynb
[NotebookApp | WARNING] 403 PUT /api/contents/04-Object%20Oriented%20Programming.ipynb (127.0.0.1): '_xsrf' argument missing from POST
[NotebookApp | WARNING] '_xsrf' argument missing from POST
[NotebookApp | WARNING] 403 PUT /api/contents/04-Object%20Oriented%20Programming.ipynb (127.0.0.1) 2.52ms referer=http://localhost:8888/notebooks/04-Object%20Oriented%20Programming.ipynb
[NotebookApp | WARNING] 403 PUT /api/contents/04-Object%20Oriented%20Programming.ipynb (127.0.0.1): '_xsrf' argument missing from POST
[NotebookApp | WARNING] '_xsrf' argument missing from POST
[NotebookApp | WARNING] 403 PUT /api/contents/04-Object%20Oriented%20Programming.ipynb (127.0.0.1) 0.95ms referer=http://localhost:8888/notebooks/04-Object%20Oriented%20Programming.ipynb
[NotebookApp | WARNING] 403 PUT /api/contents/04-Object%20Oriented%20Programming.ipynb (127.0.0.1): '_xsrf' argument missing from POST
[NotebookApp | WARNING] '_xsrf' argument missing from POST
[NotebookApp | WARNING] 403 PUT /api/contents/04-Object%20Oriented%20Programming.ipynb (127.0.0.1) 2.92ms referer=http://localhost:8888/notebooks/04-Object%20Oriented%20Programming.ipynb
[NotebookApp | WARNING] 403 PUT /api/contents/04-Object%20Oriented%20Programming.ipynb (127.0.0.1): '_xsrf' argument missing from POST
[NotebookApp | WARNING] '_xsrf' argument missing from POST
[NotebookApp | WARNING] 403 PUT /api/contents/04-Object%20Oriented%20Programming.ipynb (127.0.0.1) 2.44ms referer=http://localhost:8888/notebooks/04-Object%20Oriented%20Programming.ipynb
[NotebookApp | WARNING] 403 PUT /api/contents/04-Object%20Oriented%20Programming.ipynb (127.0.0.1): '_xsrf' argument missing from POST
[NotebookApp | WARNING] '_xsrf' argument missing from POST
[NotebookApp | WARNING] 403 PUT /api/contents/04-Object%20Oriented%20Programming.ipynb (127.0.0.1) 2.38ms referer=http://localhost:8888/notebooks/04-Object%20Oriented%20Programming.ipynb
[NotebookApp | WARNING] 403 PUT /api/contents/04-Object%20Oriented%20Programming.ipynb (127.0.0.1): '_xsrf' argument missing from POST
[NotebookApp | WARNING] '_xsrf' argument missing from POST
[NotebookApp | WARNING] 403 PUT /api/contents/04-Object%20Oriented%20Programming.ipynb (127.0.0.1) 2.35ms referer=http://localhost:8888/notebooks/04-Object%20Oriented%20Programming.ipynb
[NotebookApp | WARNING] 403 PUT /api/contents/04-Object%20Oriented%20Programming.ipynb (127.0.0.1): '_xsrf' argument missing from POST
[NotebookApp | WARNING] '_xsrf' argument missing from POST
[NotebookApp | WARNING] 403 PUT /api/contents/04-Object%20Oriented%20Programming.ipynb (127.0.0.1) 2.36ms referer=http://localhost:8888/notebooks/04-Object%20Oriented%20Programming.ipynb
[NotebookApp | WARNING] 403 PUT /api/contents/04-Object%20Oriented%20Programming.ipynb (127.0.0.1): '_xsrf' argument missing from POST
[NotebookApp | WARNING] '_xsrf' argument missing from POST
[NotebookApp | WARNING] 403 PUT /api/contents/04-Object%20Oriented%20Programming.ipynb (127.0.0.1) 2.66ms referer=http://localhost:8888/notebooks/04-Object%20Oriented%20Programming.ipynb
[NotebookApp | WARNING] 403 PUT /api/contents/04-Object%20Oriented%20Programming.ipynb (127.0.0.1): '_xsrf' argument missing from POST
[NotebookApp | WARNING] '_xsrf' argument missing from POST
[NotebookApp | WARNING] 403 PUT /api/contents/04-Object%20Oriented%20Programming.ipynb (127.0.0.1) 2.34ms referer=http://localhost:8888/notebooks/04-Object%20Oriented%20Programming.ipynb
[NotebookApp | WARNING] 403 PUT /api/contents/04-Object%20Oriented%20Programming.ipynb (127.0.0.1): '_xsrf' argument missing from POST
[NotebookApp | WARNING] '_xsrf' argument missing from POST
[NotebookApp | WARNING] 403 PUT /api/contents/04-Object%20Oriented%20Programming.ipynb (127.0.0.1) 2.52ms referer=http://localhost:8888/notebooks/04-Object%20Oriented%20Programming.ipynb
[NotebookApp | WARNING] 403 PUT /api/contents/04-Object%20Oriented%20Programming.ipynb (127.0.0.1): '_xsrf' argument missing from POST
[NotebookApp | WARNING] '_xsrf' argument missing from POST
[NotebookApp | WARNING] 403 PUT /api/contents/04-Object%20Oriented%20Programming.ipynb (127.0.0.1) 0.94ms referer=http://localhost:8888/notebooks/04-Object%20Oriented%20Programming.ipynb
[NotebookApp | WARNING] 403 PUT /api/contents/04-Object%20Oriented%20Programming.ipynb (127.0.0.1): '_xsrf' argument missing from POST
[NotebookApp | WARNING] '_xsrf' argument missing from POST
[NotebookApp | WARNING] 403 PUT /api/contents/04-Object%20Oriented%20Programming.ipynb (127.0.0.1) 0.93ms referer=http://localhost:8888/notebooks/04-Object%20Oriented%20Programming.ipynb
[NotebookApp | WARNING] 403 PUT /api/contents/04-Object%20Oriented%20Programming.ipynb (127.0.0.1): '_xsrf' argument missing from POST
[NotebookApp | WARNING] '_xsrf' argument missing from POST
[NotebookApp | WARNING] 403 PUT /api/contents/04-Object%20Oriented%20Programming.ipynb (127.0.0.1) 0.98ms referer=http://localhost:8888/notebooks/04-Object%20Oriented%20Programming.ipynb
[NotebookApp | WARNING] 403 PUT /api/contents/04-Object%20Oriented%20Programming.ipynb (127.0.0.1): '_xsrf' argument missing from POST
[NotebookApp | WARNING] '_xsrf' argument missing from POST
[NotebookApp | WARNING] 403 PUT /api/contents/04-Object%20Oriented%20Programming.ipynb (127.0.0.1) 3.37ms referer=http://localhost:8888/notebooks/04-Object%20Oriented%20Programming.ipynb
[NotebookApp | WARNING] 403 PUT /api/contents/04-Object%20Oriented%20Programming.ipynb (127.0.0.1): '_xsrf' argument missing from POST
[NotebookApp | WARNING] '_xsrf' argument missing from POST
[NotebookApp | WARNING] 403 PUT /api/contents/04-Object%20Oriented%20Programming.ipynb (127.0.0.1) 2.51ms referer=http://localhost:8888/notebooks/04-Object%20Oriented%20Programming.ipynb
[NotebookApp | INFO] Starting buffering for 5fdc6829-19b8-4d33-98ea-1df6cd4fb744:eb2f02d4997240be9337abc8940774e3
[NotebookApp | WARNING] 403 POST /api/kernels/5fdc6829-19b8-4d33-98ea-1df6cd4fb744/restart (127.0.0.1): '_xsrf' argument missing from POST
[NotebookApp | WARNING] '_xsrf' argument missing from POST
[NotebookApp | WARNING] 403 POST /api/kernels/5fdc6829-19b8-4d33-98ea-1df6cd4fb744/restart (127.0.0.1) 2.46ms referer=http://localhost:8888/notebooks/04-Object%20Oriented%20Programming.ipynb
[NotebookApp | WARNING] 403 DELETE /api/sessions/0636d206-57c4-4a2d-bdde-4a8eec67e352 (127.0.0.1): '_xsrf' argument missing from POST
[NotebookApp | WARNING] '_xsrf' argument missing from POST
[NotebookApp | WARNING] 403 DELETE /api/sessions/0636d206-57c4-4a2d-bdde-4a8eec67e352 (127.0.0.1) 0.97ms referer=http://localhost:8888/notebooks/04-Object%20Oriented%20Programming.ipynb
[NotebookApp | WARNING] 403 POST /api/sessions (127.0.0.1): '_xsrf' argument missing from POST
[NotebookApp | WARNING] '_xsrf' argument missing from POST
[NotebookApp | WARNING] 403 POST /api/sessions (127.0.0.1) 0.99ms referer=http://localhost:8888/notebooks/04-Object%20Oriented%20Programming.ipynb
[NotebookApp | WARNING] 403 PUT /api/contents/04-Object%20Oriented%20Programming.ipynb (127.0.0.1): '_xsrf' argument missing from POST
[NotebookApp | WARNING] '_xsrf' argument missing from POST
[NotebookApp | WARNING] 403 PUT /api/contents/04-Object%20Oriented%20Programming.ipynb (127.0.0.1) 0.91ms referer=http://localhost:8888/notebooks/04-Object%20Oriented%20Programming.ipynb
[NotebookApp | INFO] interrupted
[NotebookApp | CRITICAL] Shutdown confirmed
[NotebookApp | INFO] Shutting down 1 kernel
[NotebookApp | INFO] Kernel shutdown: 5fdc6829-19b8-4d33-98ea-1df6cd4fb744
[NotebookApp | WARNING] No nbgrader_config.py file found (rerun with --debug to see where nbgrader is looking)
[NotebookApp | INFO] Loading the validate_assignment nbgrader serverextension
[NotebookApp | INFO] Serving notebooks from local directory: /home/felixneubuerger/Dokumente/introduction_to_python
[NotebookApp | INFO] The Jupyter Notebook is running at:
[NotebookApp | INFO] http://localhost:8888/?token=32c9fda6b23f3c553df904d10d5468d7534dac4cb14e0d9b
[NotebookApp | INFO] Use Control-C to stop this server and shut down all kernels (twice to skip confirmation).
[NotebookApp | CRITICAL] 
    
    To access the notebook, open this file in a browser:
        file:///run/user/1001/jupyter/nbserver-19466-open.html
    Or copy and paste one of these URLs:
        http://localhost:8888/?token=32c9fda6b23f3c553df904d10d5468d7534dac4cb14e0d9b
[NotebookApp | INFO] Kernel started: 65228c99-5df0-404d-9a12-7a91dee8ffae
[NotebookApp | INFO] Adapting to protocol v5.1 for kernel 65228c99-5df0-404d-9a12-7a91dee8ffae
[NotebookApp | INFO] Starting buffering for 65228c99-5df0-404d-9a12-7a91dee8ffae:962e829716a944ce8c40b5bd2c64a7d0
[NotebookApp | INFO] Kernel restarted: 65228c99-5df0-404d-9a12-7a91dee8ffae
[NotebookApp | INFO] Adapting to protocol v5.1 for kernel 65228c99-5df0-404d-9a12-7a91dee8ffae
[NotebookApp | INFO] Restoring connection for 65228c99-5df0-404d-9a12-7a91dee8ffae:962e829716a944ce8c40b5bd2c64a7d0
[NotebookApp | INFO] Replaying 6 buffered messages
[NotebookApp | INFO] Saving file at /04-Object Oriented Programming.ipynb
[NotebookApp | INFO] Saving file at /04-Object Oriented Programming.ipynb
[NotebookApp | INFO] Saving file at /04-Object Oriented Programming.ipynb
[NotebookApp | INFO] Saving file at /04-Object Oriented Programming.ipynb
[NotebookApp | INFO] Saving file at /04-Object Oriented Programming.ipynb
[NotebookApp | INFO] Saving file at /04-Object Oriented Programming.ipynb
[NotebookApp | INFO] Starting buffering for 65228c99-5df0-404d-9a12-7a91dee8ffae:962e829716a944ce8c40b5bd2c64a7d0
[NotebookApp | WARNING] No nbgrader_config.py file found (rerun with --debug to see where nbgrader is looking)
[NotebookApp | INFO] Loading the validate_assignment nbgrader serverextension
[NotebookApp | INFO] Serving notebooks from local directory: /home/felixneubuerger/Dokumente/introduction_to_python
[NotebookApp | INFO] The Jupyter Notebook is running at:
[NotebookApp | INFO] http://localhost:8888/?token=98a60b591c5c5c9d129a78519dc7016cf1213ffedef65cb5
[NotebookApp | INFO] Use Control-C to stop this server and shut down all kernels (twice to skip confirmation).
[NotebookApp | CRITICAL] 
    
    To access the notebook, open this file in a browser:
        file:///run/user/1001/jupyter/nbserver-6756-open.html
    Or copy and paste one of these URLs:
        http://localhost:8888/?token=98a60b591c5c5c9d129a78519dc7016cf1213ffedef65cb5
[NotebookApp | INFO] Kernel started: 6db37f8d-feca-4d20-9034-11aefa145e0b
[NotebookApp | INFO] Adapting to protocol v5.1 for kernel 6db37f8d-feca-4d20-9034-11aefa145e0b
[NotebookApp | INFO] Creating new notebook in 
[NotebookApp | INFO] Kernel started: e0422c52-0210-4377-9db2-4e79e54f00e3
[NotebookApp | INFO] Adapting to protocol v5.1 for kernel e0422c52-0210-4377-9db2-4e79e54f00e3
[NotebookApp | INFO] Saving file at /05-Python Modules.ipynb
[NotebookApp | INFO] Saving file at /05-Python Modules.ipynb
[NotebookApp | INFO] Saving file at /05-Python Modules.ipynb
[NotebookApp | INFO] Saving file at /05-Python Modules.ipynb
[NotebookApp | INFO] Saving file at /05-Python Modules.ipynb
[NotebookApp | INFO] Saving file at /05-Python Modules.ipynb
[NotebookApp | INFO] Saving file at /05-Python Modules.ipynb
[NotebookApp | INFO] Saving file at /05-Python Modules.ipynb
[NotebookApp | INFO] Saving file at /05-Python Modules.ipynb
[NotebookApp | INFO] Saving file at /05-Python Modules.ipynb
[NotebookApp | INFO] Saving file at /05-Python Modules.ipynb
[NotebookApp | INFO] Saving file at /05-Python Modules.ipynb
[NotebookApp | INFO] Saving file at /05-Python Modules.ipynb
[NotebookApp | INFO] Saving file at /05-Python Modules.ipynb
[NotebookApp | INFO] Saving file at /05-Python Modules.ipynb
[NotebookApp | INFO] Saving file at /05-Python Modules.ipynb
[NotebookApp | INFO] Creating new notebook in 
[NotebookApp | INFO] Kernel started: 1a60956c-edf8-420d-a9c9-e668f3159f2e
[NotebookApp | INFO] Adapting to protocol v5.1 for kernel 1a60956c-edf8-420d-a9c9-e668f3159f2e
[NotebookApp | INFO] Saving file at /06-Complex packages and testing.ipynb
[NotebookApp | INFO] Saving file at /06-Complex packages and testing.ipynb
[NotebookApp | INFO] Saving file at /06-Complex packages and testing.ipynb
[NotebookApp | INFO] Saving file at /06-Complex packages and testing.ipynb
[NotebookApp | INFO] Saving file at /04-Object Oriented Programming.ipynb
[NotebookApp | INFO] Saving file at /04-Object Oriented Programming.ipynb
[NotebookApp | INFO] Saving file at /04-Object Oriented Programming.ipynb
[NotebookApp | INFO] Saving file at /04-Object Oriented Programming.ipynb
[NotebookApp | INFO] Starting buffering for 6db37f8d-feca-4d20-9034-11aefa145e0b:fdf0a733524f43a1b403f81e70f0afcb
[NotebookApp | INFO] Kernel restarted: 6db37f8d-feca-4d20-9034-11aefa145e0b
[NotebookApp | INFO] Adapting to protocol v5.1 for kernel 6db37f8d-feca-4d20-9034-11aefa145e0b
[NotebookApp | INFO] Restoring connection for 6db37f8d-feca-4d20-9034-11aefa145e0b:fdf0a733524f43a1b403f81e70f0afcb
[NotebookApp | INFO] Replaying 6 buffered messages
[NotebookApp | INFO] Saving file at /04-Object Oriented Programming.ipynb
[NotebookApp | INFO] Saving file at /04-Object Oriented Programming.ipynb
[NotebookApp | INFO] Saving file at /04-Object Oriented Programming.ipynb
[NotebookApp | INFO] Saving file at /04-Object Oriented Programming.ipynb
[NotebookApp | INFO] Saving file at /04-Object Oriented Programming.ipynb
[NotebookApp | INFO] Saving file at /04-Object Oriented Programming.ipynb
[NotebookApp | INFO] Saving file at /04-Object Oriented Programming.ipynb
[NotebookApp | INFO] Saving file at /04-Object Oriented Programming.ipynb
[NotebookApp | INFO] Saving file at /04-Object Oriented Programming.ipynb
[NotebookApp | INFO] Saving file at /04-Object Oriented Programming.ipynb
[NotebookApp | INFO] Saving file at /04-Object Oriented Programming.ipynb
[NotebookApp | WARNING] Notebook 04-Object Oriented Programming.ipynb is not trusted
[NotebookApp | INFO] Starting buffering for 6db37f8d-feca-4d20-9034-11aefa145e0b:fdf0a733524f43a1b403f81e70f0afcb
[NotebookApp | WARNING] Notebook 04-Object Oriented Programming.ipynb is not trusted
[NotebookApp | INFO] Adapting to protocol v5.1 for kernel 6db37f8d-feca-4d20-9034-11aefa145e0b
[NotebookApp | INFO] Saving file at /04-Object Oriented Programming.ipynb
[NotebookApp | INFO] Saving file at /04-Object Oriented Programming.ipynb
[NotebookApp | INFO] Saving file at /04-Object Oriented Programming.ipynb
[NotebookApp | INFO] Saving file at /04-Object Oriented Programming.ipynb
[NotebookApp | INFO] Starting buffering for 6db37f8d-feca-4d20-9034-11aefa145e0b:599233382ff5473f98713666a8e946d3
[NotebookApp | INFO] Kernel restarted: 6db37f8d-feca-4d20-9034-11aefa145e0b
[NotebookApp | INFO] Adapting to protocol v5.1 for kernel 6db37f8d-feca-4d20-9034-11aefa145e0b
[NotebookApp | INFO] Restoring connection for 6db37f8d-feca-4d20-9034-11aefa145e0b:599233382ff5473f98713666a8e946d3
[NotebookApp | INFO] Replaying 6 buffered messages
[NotebookApp | INFO] Saving file at /04-Object Oriented Programming.ipynb
[NotebookApp | INFO] Saving file at /04-Object Oriented Programming.ipynb
[NotebookApp | INFO] Saving file at /04-Object Oriented Programming.ipynb
[NotebookApp | INFO] Saving file at /04-Object Oriented Programming.ipynb
[NotebookApp | INFO] Starting buffering for 6db37f8d-feca-4d20-9034-11aefa145e0b:599233382ff5473f98713666a8e946d3
[NotebookApp | INFO] Saving file at /06-Complex packages and testing.ipynb
[NotebookApp | INFO] Saving file at /06-Complex packages and testing.ipynb
[NotebookApp | INFO] Saving file at /05-Python Modules.ipynb
[NotebookApp | INFO] Saving file at /06-Complex packages and testing.ipynb
[NotebookApp | INFO] Saving file at /06-Complex packages and testing.ipynb
[NotebookApp | INFO] Saving file at /06-Complex packages and testing.ipynb
[NotebookApp | INFO] Saving file at /06-Complex packages and testing.ipynb
[NotebookApp | INFO] Saving file at /06-Complex packages and testing.ipynb
[NotebookApp | INFO] Saving file at /05-Python Modules.ipynb
[NotebookApp | INFO] Starting buffering for e0422c52-0210-4377-9db2-4e79e54f00e3:082cf479f3c34909856331b6a07c14a8
[NotebookApp | INFO] Kernel restarted: e0422c52-0210-4377-9db2-4e79e54f00e3
[NotebookApp | INFO] Adapting to protocol v5.1 for kernel e0422c52-0210-4377-9db2-4e79e54f00e3
[NotebookApp | INFO] Restoring connection for e0422c52-0210-4377-9db2-4e79e54f00e3:082cf479f3c34909856331b6a07c14a8
[NotebookApp | INFO] Replaying 6 buffered messages
[NotebookApp | INFO] Saving file at /05-Python Modules.ipynb
[NotebookApp | INFO] Saving file at /05-Python Modules.ipynb
[NotebookApp | INFO] Saving file at /06-Complex packages and testing.ipynb
[NotebookApp | INFO] Starting buffering for e0422c52-0210-4377-9db2-4e79e54f00e3:082cf479f3c34909856331b6a07c14a8
[NotebookApp | INFO] Kernel restarted: e0422c52-0210-4377-9db2-4e79e54f00e3
[NotebookApp | INFO] Adapting to protocol v5.1 for kernel e0422c52-0210-4377-9db2-4e79e54f00e3
[NotebookApp | INFO] Restoring connection for e0422c52-0210-4377-9db2-4e79e54f00e3:082cf479f3c34909856331b6a07c14a8
[NotebookApp | INFO] Replaying 6 buffered messages
[NotebookApp | INFO] Saving file at /05-Python Modules.ipynb
[NotebookApp | INFO] Saving file at /05-Python Modules.ipynb
[NotebookApp | INFO] Saving file at /05-Python Modules.ipynb
[NotebookApp | INFO] Starting buffering for e0422c52-0210-4377-9db2-4e79e54f00e3:082cf479f3c34909856331b6a07c14a8
[NotebookApp | INFO] Kernel restarted: e0422c52-0210-4377-9db2-4e79e54f00e3
[NotebookApp | INFO] Adapting to protocol v5.1 for kernel e0422c52-0210-4377-9db2-4e79e54f00e3
[NotebookApp | INFO] Restoring connection for e0422c52-0210-4377-9db2-4e79e54f00e3:082cf479f3c34909856331b6a07c14a8
[NotebookApp | INFO] Replaying 6 buffered messages
[NotebookApp | INFO] Saving file at /05-Python Modules.ipynb
[NotebookApp | INFO] Saving file at /06-Complex packages and testing.ipynb
[NotebookApp | INFO] Saving file at /06-Complex packages and testing.ipynb
[NotebookApp | INFO] Saving file at /06-Complex packages and testing.ipynb
[NotebookApp | INFO] Saving file at /06-Complex packages and testing.ipynb
[NotebookApp | INFO] Saving file at /06-Complex packages and testing.ipynb
[NotebookApp | INFO] Saving file at /06-Complex packages and testing.ipynb
[NotebookApp | INFO] Starting buffering for 1a60956c-edf8-420d-a9c9-e668f3159f2e:57767726ff194e4d9956a7fa630eb1b2
[NotebookApp | INFO] Kernel restarted: 1a60956c-edf8-420d-a9c9-e668f3159f2e
[NotebookApp | INFO] Adapting to protocol v5.1 for kernel 1a60956c-edf8-420d-a9c9-e668f3159f2e
[NotebookApp | INFO] Restoring connection for 1a60956c-edf8-420d-a9c9-e668f3159f2e:57767726ff194e4d9956a7fa630eb1b2
[NotebookApp | INFO] Replaying 6 buffered messages
[NotebookApp | INFO] Saving file at /06-Complex packages and testing.ipynb
[NotebookApp | INFO] Saving file at /06-Complex packages and testing.ipynb
[NotebookApp | INFO] Starting buffering for 1a60956c-edf8-420d-a9c9-e668f3159f2e:57767726ff194e4d9956a7fa630eb1b2
[NotebookApp | INFO] Kernel restarted: 1a60956c-edf8-420d-a9c9-e668f3159f2e
[NotebookApp | INFO] Adapting to protocol v5.1 for kernel 1a60956c-edf8-420d-a9c9-e668f3159f2e
[NotebookApp | INFO] Restoring connection for 1a60956c-edf8-420d-a9c9-e668f3159f2e:57767726ff194e4d9956a7fa630eb1b2
[NotebookApp | INFO] Replaying 6 buffered messages
[NotebookApp | INFO] Saving file at /06-Complex packages and testing.ipynb
[NotebookApp | INFO] Starting buffering for 1a60956c-edf8-420d-a9c9-e668f3159f2e:57767726ff194e4d9956a7fa630eb1b2
[NotebookApp | INFO] Kernel restarted: 1a60956c-edf8-420d-a9c9-e668f3159f2e
[NotebookApp | INFO] Adapting to protocol v5.1 for kernel 1a60956c-edf8-420d-a9c9-e668f3159f2e
[NotebookApp | INFO] Restoring connection for 1a60956c-edf8-420d-a9c9-e668f3159f2e:57767726ff194e4d9956a7fa630eb1b2
[NotebookApp | INFO] Replaying 6 buffered messages
[NotebookApp | INFO] Saving file at /06-Complex packages and testing.ipynb
[NotebookApp | INFO] Saving file at /06-Complex packages and testing.ipynb
[NotebookApp | INFO] Saving file at /06-Complex packages and testing.ipynb
[NotebookApp | INFO] Saving file at /06-Complex packages and testing.ipynb
[NotebookApp | INFO] Saving file at /06-Complex packages and testing.ipynb
[NotebookApp | INFO] Starting buffering for 1a60956c-edf8-420d-a9c9-e668f3159f2e:57767726ff194e4d9956a7fa630eb1b2
[NotebookApp | INFO] Kernel restarted: 1a60956c-edf8-420d-a9c9-e668f3159f2e
[NotebookApp | INFO] Adapting to protocol v5.1 for kernel 1a60956c-edf8-420d-a9c9-e668f3159f2e
[NotebookApp | INFO] Restoring connection for 1a60956c-edf8-420d-a9c9-e668f3159f2e:57767726ff194e4d9956a7fa630eb1b2
[NotebookApp | INFO] Replaying 6 buffered messages
[NotebookApp | INFO] Saving file at /06-Complex packages and testing.ipynb
[NotebookApp | INFO] Starting buffering for 1a60956c-edf8-420d-a9c9-e668f3159f2e:57767726ff194e4d9956a7fa630eb1b2
[NotebookApp | INFO] Kernel restarted: 1a60956c-edf8-420d-a9c9-e668f3159f2e
[NotebookApp | INFO] Adapting to protocol v5.1 for kernel 1a60956c-edf8-420d-a9c9-e668f3159f2e
[NotebookApp | INFO] Restoring connection for 1a60956c-edf8-420d-a9c9-e668f3159f2e:57767726ff194e4d9956a7fa630eb1b2
[NotebookApp | INFO] Replaying 3 buffered messages
[NotebookApp | INFO] Saving file at /06-Complex packages and testing.ipynb
[NotebookApp | INFO] Starting buffering for 1a60956c-edf8-420d-a9c9-e668f3159f2e:57767726ff194e4d9956a7fa630eb1b2
[NotebookApp | INFO] Kernel restarted: 1a60956c-edf8-420d-a9c9-e668f3159f2e
[NotebookApp | INFO] Adapting to protocol v5.1 for kernel 1a60956c-edf8-420d-a9c9-e668f3159f2e
[NotebookApp | INFO] Restoring connection for 1a60956c-edf8-420d-a9c9-e668f3159f2e:57767726ff194e4d9956a7fa630eb1b2
[NotebookApp | INFO] Replaying 6 buffered messages
[NotebookApp | INFO] Starting buffering for 1a60956c-edf8-420d-a9c9-e668f3159f2e:57767726ff194e4d9956a7fa630eb1b2
[NotebookApp | INFO] Kernel restarted: 1a60956c-edf8-420d-a9c9-e668f3159f2e
[NotebookApp | INFO] Adapting to protocol v5.1 for kernel 1a60956c-edf8-420d-a9c9-e668f3159f2e
[NotebookApp | INFO] Restoring connection for 1a60956c-edf8-420d-a9c9-e668f3159f2e:57767726ff194e4d9956a7fa630eb1b2
[NotebookApp | INFO] Replaying 6 buffered messages
[NotebookApp | INFO] Saving file at /06-Complex packages and testing.ipynb
[NotebookApp | INFO] Saving file at /06-Complex packages and testing.ipynb
[NotebookApp | INFO] Starting buffering for 1a60956c-edf8-420d-a9c9-e668f3159f2e:57767726ff194e4d9956a7fa630eb1b2
[NotebookApp | INFO] Kernel restarted: 1a60956c-edf8-420d-a9c9-e668f3159f2e
[NotebookApp | INFO] Adapting to protocol v5.1 for kernel 1a60956c-edf8-420d-a9c9-e668f3159f2e
[NotebookApp | INFO] Restoring connection for 1a60956c-edf8-420d-a9c9-e668f3159f2e:57767726ff194e4d9956a7fa630eb1b2
[NotebookApp | INFO] Replaying 6 buffered messages
[NotebookApp | INFO] Saving file at /06-Complex packages and testing.ipynb
[NotebookApp | INFO] Saving file at /06-Complex packages and testing.ipynb
[NotebookApp | INFO] Saving file at /06-Complex packages and testing.ipynb
[NotebookApp | INFO] Saving file at /06-Complex packages and testing.ipynb
[NotebookApp | INFO] Saving file at /06-Complex packages and testing.ipynb
[NotebookApp | INFO] Saving file at /06-Complex packages and testing.ipynb
[NotebookApp | INFO] Saving file at /06-Complex packages and testing.ipynb
[NotebookApp | INFO] Saving file at /06-Complex packages and testing.ipynb
[NotebookApp | INFO] Saving file at /06-Complex packages and testing.ipynb
[NotebookApp | INFO] Saving file at /06-Complex packages and testing.ipynb
[NotebookApp | INFO] Saving file at /06-Complex packages and testing.ipynb
[NotebookApp | INFO] Saving file at /06-Complex packages and testing.ipynb
[NotebookApp | INFO] Saving file at /06-Complex packages and testing.ipynb
[NotebookApp | INFO] Saving file at /06-Complex packages and testing.ipynb
[NotebookApp | INFO] Starting buffering for 1a60956c-edf8-420d-a9c9-e668f3159f2e:57767726ff194e4d9956a7fa630eb1b2
[NotebookApp | INFO] Kernel restarted: 1a60956c-edf8-420d-a9c9-e668f3159f2e
[NotebookApp | INFO] Adapting to protocol v5.1 for kernel 1a60956c-edf8-420d-a9c9-e668f3159f2e
[NotebookApp | INFO] Restoring connection for 1a60956c-edf8-420d-a9c9-e668f3159f2e:57767726ff194e4d9956a7fa630eb1b2
[NotebookApp | INFO] Replaying 6 buffered messages
[NotebookApp | INFO] Saving file at /06-Complex packages and testing.ipynb
[NotebookApp | INFO] Starting buffering for 1a60956c-edf8-420d-a9c9-e668f3159f2e:57767726ff194e4d9956a7fa630eb1b2
[NotebookApp | INFO] Kernel restarted: 1a60956c-edf8-420d-a9c9-e668f3159f2e
[NotebookApp | INFO] Adapting to protocol v5.1 for kernel 1a60956c-edf8-420d-a9c9-e668f3159f2e
[NotebookApp | INFO] Restoring connection for 1a60956c-edf8-420d-a9c9-e668f3159f2e:57767726ff194e4d9956a7fa630eb1b2
[NotebookApp | INFO] Replaying 6 buffered messages
[NotebookApp | INFO] Saving file at /06-Complex packages and testing.ipynb
[NotebookApp | INFO] Starting buffering for 1a60956c-edf8-420d-a9c9-e668f3159f2e:57767726ff194e4d9956a7fa630eb1b2
[NotebookApp | INFO] Kernel restarted: 1a60956c-edf8-420d-a9c9-e668f3159f2e
[NotebookApp | INFO] Adapting to protocol v5.1 for kernel 1a60956c-edf8-420d-a9c9-e668f3159f2e
[NotebookApp | INFO] Restoring connection for 1a60956c-edf8-420d-a9c9-e668f3159f2e:57767726ff194e4d9956a7fa630eb1b2
[NotebookApp | INFO] Replaying 6 buffered messages
[NotebookApp | INFO] Saving file at /06-Complex packages and testing.ipynb
[NotebookApp | INFO] Saving file at /06-Complex packages and testing.ipynb
[NotebookApp | WARNING] No nbgrader_config.py file found (rerun with --debug to see where nbgrader is looking)
[NotebookApp | INFO] Loading the validate_assignment nbgrader serverextension
[NotebookApp | INFO] Serving notebooks from local directory: /home/felixneubuerger/Dokumente/introduction_to_python
[NotebookApp | INFO] The Jupyter Notebook is running at:
[NotebookApp | INFO] http://localhost:8888/?token=e1332779c974635aca3a318da8929dc600954cdd506630f3
[NotebookApp | INFO] Use Control-C to stop this server and shut down all kernels (twice to skip confirmation).
[NotebookApp | CRITICAL] 
    
    To access the notebook, open this file in a browser:
        file:///run/user/1001/jupyter/nbserver-7254-open.html
    Or copy and paste one of these URLs:
        http://localhost:8888/?token=e1332779c974635aca3a318da8929dc600954cdd506630f3
[NotebookApp | INFO] Kernel started: 89704bb8-c71a-4ea4-bd88-8a6303ba7d7f
[NotebookApp | INFO] Adapting to protocol v5.1 for kernel 89704bb8-c71a-4ea4-bd88-8a6303ba7d7f
[NotebookApp | INFO] Creating new notebook in 
[NotebookApp | INFO] Kernel started: ac0b7983-1a8e-4972-8b73-8107d4914024
[NotebookApp | INFO] Adapting to protocol v5.1 for kernel ac0b7983-1a8e-4972-8b73-8107d4914024
[NotebookApp | INFO] Saving file at /07-Functional Programming.ipynb
[NotebookApp | INFO] Saving file at /07-Functional Programming.ipynb
[NotebookApp | INFO] Saving file at /07-Functional Programming.ipynb
[NotebookApp | INFO] Saving file at /07-Functional Programming.ipynb
[NotebookApp | INFO] Saving file at /07-Functional Programming.ipynb
[NotebookApp | INFO] Starting buffering for 89704bb8-c71a-4ea4-bd88-8a6303ba7d7f:438ba7d2eb604c61a362e87c57e398e8
[NotebookApp | INFO] Saving file at /07-Functional Programming.ipynb
[NotebookApp | INFO] Saving file at /07-Functional Programming.ipynb
[NotebookApp | INFO] Saving file at /07-Functional Programming.ipynb
[NotebookApp | INFO] Saving file at /07-Functional Programming.ipynb
[NotebookApp | INFO] Saving file at /07-Functional Programming.ipynb
[NotebookApp | INFO] Saving file at /07-Functional Programming.ipynb
[NotebookApp | INFO] Saving file at /07-Functional Programming.ipynb
[NotebookApp | INFO] Saving file at /07-Functional Programming.ipynb
[NotebookApp | INFO] Saving file at /07-Functional Programming.ipynb
[NotebookApp | INFO] Saving file at /07-Functional Programming.ipynb
[NotebookApp | INFO] Saving file at /07-Functional Programming.ipynb
[NotebookApp | INFO] Saving file at /07-Functional Programming.ipynb
[NotebookApp | INFO] Saving file at /07-Functional Programming.ipynb
[NotebookApp | INFO] Saving file at /07-Functional Programming.ipynb
[NotebookApp | INFO] Saving file at /07-Functional Programming.ipynb
[NotebookApp | INFO] Saving file at /07-Functional Programming.ipynb
[NotebookApp | INFO] Saving file at /07-Functional Programming.ipynb
[NotebookApp | INFO] Saving file at /07-Functional Programming.ipynb
[NotebookApp | INFO] Saving file at /07-Functional Programming.ipynb
[NotebookApp | INFO] Saving file at /07-Functional Programming.ipynb
[NotebookApp | INFO] Saving file at /07-Functional Programming.ipynb
[NotebookApp | INFO] Saving file at /07-Functional Programming.ipynb
[NotebookApp | INFO] Saving file at /07-Functional Programming.ipynb
[NotebookApp | INFO] Saving file at /07-Functional Programming.ipynb
[NotebookApp | INFO] Saving file at /07-Functional Programming.ipynb
[NotebookApp | INFO] Saving file at /07-Functional Programming.ipynb
[NotebookApp | INFO] Saving file at /07-Functional Programming.ipynb
[NotebookApp | INFO] Saving file at /07-Functional Programming.ipynb
[NotebookApp | INFO] Saving file at /07-Functional Programming.ipynb
[NotebookApp | INFO] Saving file at /07-Functional Programming.ipynb
[NotebookApp | INFO] Saving file at /07-Functional Programming.ipynb
[NotebookApp | INFO] Saving file at /07-Functional Programming.ipynb
[NotebookApp | INFO] Saving file at /07-Functional Programming.ipynb
[NotebookApp | INFO] Saving file at /07-Functional Programming.ipynb
[NotebookApp | INFO] Saving file at /07-Functional Programming.ipynb
[NotebookApp | INFO] Saving file at /07-Functional Programming.ipynb
[NotebookApp | INFO] Saving file at /07-Functional Programming.ipynb
[NotebookApp | INFO] Saving file at /07-Functional Programming.ipynb
[NotebookApp | INFO] Saving file at /07-Functional Programming.ipynb
[NotebookApp | INFO] Saving file at /07-Functional Programming.ipynb
[NotebookApp | INFO] Saving file at /07-Functional Programming.ipynb
[NotebookApp | INFO] Saving file at /07-Functional Programming.ipynb
[NotebookApp | INFO] Saving file at /07-Functional Programming.ipynb
[NotebookApp | INFO] Saving file at /07-Functional Programming.ipynb
[NotebookApp | INFO] Saving file at /07-Functional Programming.ipynb
[NotebookApp | INFO] Saving file at /07-Functional Programming.ipynb
[NotebookApp | INFO] Saving file at /07-Functional Programming.ipynb
[NotebookApp | INFO] Starting buffering for ac0b7983-1a8e-4972-8b73-8107d4914024:53eacd55f0194374a4c21b3036d5755c
[NotebookApp | INFO] Shutting down on /api/shutdown request.
[NotebookApp | INFO] Shutting down 2 kernels
[NotebookApp | INFO] Kernel shutdown: 89704bb8-c71a-4ea4-bd88-8a6303ba7d7f
[NotebookApp | INFO] Kernel shutdown: ac0b7983-1a8e-4972-8b73-8107d4914024
[NotebookApp | WARNING] No nbgrader_config.py file found (rerun with --debug to see where nbgrader is looking)
[NotebookApp | INFO] Loading the validate_assignment nbgrader serverextension
[NotebookApp | INFO] Serving notebooks from local directory: /home/felixneubuerger/Dokumente/introduction_to_python
[NotebookApp | INFO] The Jupyter Notebook is running at:
[NotebookApp | INFO] http://localhost:8888/?token=88155b0c2635a991c6600869c9a16325e2110f3abc7d1cf5
[NotebookApp | INFO] Use Control-C to stop this server and shut down all kernels (twice to skip confirmation).
[NotebookApp | CRITICAL] 
    
    To access the notebook, open this file in a browser:
        file:///run/user/1001/jupyter/nbserver-30551-open.html
    Or copy and paste one of these URLs:
        http://localhost:8888/?token=88155b0c2635a991c6600869c9a16325e2110f3abc7d1cf5
[NotebookApp | INFO] Creating new notebook in 
[NotebookApp | INFO] Kernel started: ece592de-4933-46ce-812b-7fb859c50fa9
[NotebookApp | INFO] Adapting to protocol v5.1 for kernel ece592de-4933-46ce-812b-7fb859c50fa9
[NotebookApp | INFO] Saving file at /08-.ipynb
[NotebookApp | INFO] Saving file at /08-Regular Expressions.ipynb
[NotebookApp | INFO] Saving file at /08-Regular Expressions.ipynb
[NotebookApp | INFO] Saving file at /08-Regular Expressions.ipynb
[NotebookApp | INFO] Saving file at /08-Regular Expressions.ipynb
[NotebookApp | INFO] Saving file at /08-Regular Expressions.ipynb
[NotebookApp | INFO] Saving file at /08-Regular Expressions.ipynb
[NotebookApp | INFO] Saving file at /08-Regular Expressions.ipynb
[NotebookApp | INFO] Saving file at /08-Regular Expressions.ipynb
[NotebookApp | INFO] Saving file at /08-Regular Expressions.ipynb
[NotebookApp | INFO] Saving file at /08-Regular Expressions.ipynb
[NotebookApp | INFO] Saving file at /08-Regular Expressions.ipynb
[NotebookApp | INFO] Saving file at /08-Regular Expressions.ipynb
[NotebookApp | INFO] Saving file at /08-Regular Expressions.ipynb
[NotebookApp | INFO] Saving file at /08-Regular Expressions.ipynb
[NotebookApp | INFO] Saving file at /08-Regular Expressions.ipynb
[NotebookApp | INFO] Saving file at /08-Regular Expressions.ipynb
[NotebookApp | INFO] Saving file at /08-Regular Expressions.ipynb
[NotebookApp | INFO] Saving file at /08-Regular Expressions.ipynb
[NotebookApp | INFO] Saving file at /08-Regular Expressions.ipynb
[NotebookApp | INFO] Saving file at /08-Regular Expressions.ipynb
[NotebookApp | INFO] Saving file at /08-Regular Expressions.ipynb
[NotebookApp | INFO] Saving file at /08-Regular Expressions.ipynb
[NotebookApp | INFO] Saving file at /08-Regular Expressions.ipynb
[NotebookApp | INFO] Saving file at /08-Regular Expressions.ipynb
[NotebookApp | INFO] Saving file at /08-Regular Expressions.ipynb
[NotebookApp | INFO] Saving file at /08-Regular Expressions.ipynb
[NotebookApp | INFO] Saving file at /08-Regular Expressions.ipynb
[NotebookApp | INFO] Saving file at /08-Regular Expressions.ipynb
[NotebookApp | INFO] Saving file at /08-Regular Expressions.ipynb
[NotebookApp | INFO] Saving file at /08-Regular Expressions.ipynb
[NotebookApp | INFO] Saving file at /08-Regular Expressions.ipynb
[NotebookApp | INFO] Saving file at /08-Regular Expressions.ipynb
[NotebookApp | INFO] Saving file at /08-Regular Expressions.ipynb
[NotebookApp | INFO] Saving file at /08-Regular Expressions.ipynb
[NotebookApp | INFO] Saving file at /08-Regular Expressions.ipynb
[NotebookApp | INFO] Saving file at /08-Regular Expressions.ipynb
[NotebookApp | INFO] Saving file at /08-Regular Expressions.ipynb
[NotebookApp | INFO] Saving file at /08-Regular Expressions.ipynb
[NotebookApp | INFO] Saving file at /08-Regular Expressions.ipynb
[NotebookApp | INFO] Saving file at /08-Regular Expressions.ipynb
[NotebookApp | INFO] Saving file at /08-Regular Expressions.ipynb
[NotebookApp | INFO] Saving file at /08-Regular Expressions.ipynb
[NotebookApp | INFO] Saving file at /08-Regular Expressions.ipynb
[NotebookApp | INFO] Kernel started: e008673a-850f-4f6d-ae1c-c9de1794bbe6
[NotebookApp | INFO] Adapting to protocol v5.1 for kernel e008673a-850f-4f6d-ae1c-c9de1794bbe6
[NotebookApp | INFO] Starting buffering for e008673a-850f-4f6d-ae1c-c9de1794bbe6:e50d502dc58740c38aba36a5037a1e88
[NotebookApp | INFO] 302 GET /?token=88155b0c2635a991c6600869c9a16325e2110f3abc7d1cf5 (127.0.0.1) 0.44ms
[NotebookApp | INFO] Starting buffering for ece592de-4933-46ce-812b-7fb859c50fa9:907a54fe637c4b93a20abbf26f2a2eff
[NotebookApp | INFO] interrupted
[NotebookApp | CRITICAL] Shutdown confirmed
[NotebookApp | INFO] Shutting down 2 kernels
[NotebookApp | INFO] Kernel shutdown: ece592de-4933-46ce-812b-7fb859c50fa9
[NotebookApp | INFO] Kernel shutdown: e008673a-850f-4f6d-ae1c-c9de1794bbe6
[NotebookApp | WARNING] No nbgrader_config.py file found (rerun with --debug to see where nbgrader is looking)
[NotebookApp | INFO] Loading the validate_assignment nbgrader serverextension
[NotebookApp | INFO] Serving notebooks from local directory: /home/felixneubuerger/Dokumente/introduction_to_python
[NotebookApp | INFO] The Jupyter Notebook is running at:
[NotebookApp | INFO] http://localhost:8888/?token=45b5de741602d5b7d41b33a9a721c73ba5dc9e51515e34f0
[NotebookApp | INFO] Use Control-C to stop this server and shut down all kernels (twice to skip confirmation).
[NotebookApp | CRITICAL] 
    
    To access the notebook, open this file in a browser:
        file:///run/user/1001/jupyter/nbserver-7463-open.html
    Or copy and paste one of these URLs:
        http://localhost:8888/?token=45b5de741602d5b7d41b33a9a721c73ba5dc9e51515e34f0
[NotebookApp | INFO] Creating new notebook in 
[NotebookApp | INFO] Kernel started: 48d16742-0f7e-4cc3-801b-83b449bfe316
[NotebookApp | INFO] Adapting to protocol v5.1 for kernel 48d16742-0f7e-4cc3-801b-83b449bfe316
[NotebookApp | INFO] Saving file at /09-Parallel Computing.ipynb
[NotebookApp | INFO] Saving file at /09-Parallel Computing.ipynb
[NotebookApp | INFO] Kernel started: 6e5fe464-3fec-429e-a357-07f017b61d6d
[NotebookApp | INFO] Adapting to protocol v5.1 for kernel 6e5fe464-3fec-429e-a357-07f017b61d6d
[NotebookApp | INFO] Starting buffering for 6e5fe464-3fec-429e-a357-07f017b61d6d:0fa90161519641cf852823fba6ecfae7
[NotebookApp | INFO] Kernel started: 56927a8b-2534-41c9-92a2-f0ba04a7c832
[NotebookApp | INFO] Adapting to protocol v5.1 for kernel 56927a8b-2534-41c9-92a2-f0ba04a7c832
[NotebookApp | INFO] Saving file at /09-Parallel Computing.ipynb
[NotebookApp | INFO] Saving file at /09-Parallel Computing.ipynb
[NotebookApp | INFO] Saving file at /09-Parallel Computing.ipynb
[NotebookApp | INFO] Saving file at /09-Parallel Computing.ipynb
[NotebookApp | INFO] Starting buffering for 48d16742-0f7e-4cc3-801b-83b449bfe316:3ccefbd0650f445d97c1198c4188308f
[NotebookApp | INFO] Kernel restarted: 48d16742-0f7e-4cc3-801b-83b449bfe316
[NotebookApp | INFO] Adapting to protocol v5.1 for kernel 48d16742-0f7e-4cc3-801b-83b449bfe316
[NotebookApp | INFO] Restoring connection for 48d16742-0f7e-4cc3-801b-83b449bfe316:3ccefbd0650f445d97c1198c4188308f
[NotebookApp | INFO] Replaying 6 buffered messages
[NotebookApp | INFO] Saving file at /09-Parallel Computing.ipynb
[NotebookApp | INFO] Saving file at /09-Parallel Computing.ipynb
[NotebookApp | INFO] Saving file at /09-Parallel Computing.ipynb
[NotebookApp | INFO] Saving file at /09-Parallel Computing.ipynb
[NotebookApp | INFO] Saving file at /09-Parallel Computing.ipynb
[NotebookApp | INFO] Saving file at /09-Parallel Computing.ipynb
[NotebookApp | INFO] Saving file at /07-Functional Programming.ipynb
[NotebookApp | INFO] Saving file at /09-Parallel Computing.ipynb
[NotebookApp | INFO] Saving file at /09-Parallel Computing.ipynb
[NotebookApp | INFO] Starting buffering for 48d16742-0f7e-4cc3-801b-83b449bfe316:3ccefbd0650f445d97c1198c4188308f
[NotebookApp | INFO] Kernel restarted: 48d16742-0f7e-4cc3-801b-83b449bfe316
[NotebookApp | INFO] Kernel interrupted: 48d16742-0f7e-4cc3-801b-83b449bfe316
[NotebookApp | INFO] Kernel interrupted: 48d16742-0f7e-4cc3-801b-83b449bfe316
[NotebookApp | INFO] Kernel interrupted: 48d16742-0f7e-4cc3-801b-83b449bfe316
[NotebookApp | INFO] KernelRestarter: restarting kernel (1/5), keep random ports
[NotebookApp | INFO] Kernel restarted: 48d16742-0f7e-4cc3-801b-83b449bfe316
[NotebookApp | INFO] Adapting to protocol v5.1 for kernel 48d16742-0f7e-4cc3-801b-83b449bfe316
[NotebookApp | INFO] Restoring connection for 48d16742-0f7e-4cc3-801b-83b449bfe316:3ccefbd0650f445d97c1198c4188308f
[NotebookApp | INFO] Replaying 6 buffered messages
[NotebookApp | WARNING] Replacing stale connection: 48d16742-0f7e-4cc3-801b-83b449bfe316:3ccefbd0650f445d97c1198c4188308f
[NotebookApp | WARNING] zmq message arrived on closed channel
[NotebookApp | WARNING] zmq message arrived on closed channel
[NotebookApp | WARNING] zmq message arrived on closed channel
[NotebookApp | WARNING] zmq message arrived on closed channel
[NotebookApp | WARNING] zmq message arrived on closed channel
[NotebookApp | INFO] Starting buffering for 48d16742-0f7e-4cc3-801b-83b449bfe316:3ccefbd0650f445d97c1198c4188308f
[NotebookApp | INFO] Adapting to protocol v5.1 for kernel 48d16742-0f7e-4cc3-801b-83b449bfe316
[NotebookApp | INFO] Restoring connection for 48d16742-0f7e-4cc3-801b-83b449bfe316:3ccefbd0650f445d97c1198c4188308f
[NotebookApp | INFO] Replaying 3 buffered messages
[NotebookApp | INFO] Kernel interrupted: 48d16742-0f7e-4cc3-801b-83b449bfe316
[NotebookApp | INFO] Kernel interrupted: 48d16742-0f7e-4cc3-801b-83b449bfe316
[NotebookApp | INFO] Kernel interrupted: 48d16742-0f7e-4cc3-801b-83b449bfe316
[NotebookApp | INFO] Kernel interrupted: 48d16742-0f7e-4cc3-801b-83b449bfe316
[NotebookApp | INFO] Saving file at /09-Parallel Computing.ipynb
[NotebookApp | INFO] Starting buffering for 48d16742-0f7e-4cc3-801b-83b449bfe316:3ccefbd0650f445d97c1198c4188308f
[NotebookApp | INFO] Starting buffering for 56927a8b-2534-41c9-92a2-f0ba04a7c832:d33d33d66fa549a785662178613cb9eb
[NotebookApp | INFO] Shutting down on /api/shutdown request.
[NotebookApp | INFO] Shutting down 3 kernels
[NotebookApp | INFO] Kernel shutdown: 48d16742-0f7e-4cc3-801b-83b449bfe316
[NotebookApp | INFO] Kernel shutdown: 6e5fe464-3fec-429e-a357-07f017b61d6d
[NotebookApp | INFO] Kernel shutdown: 56927a8b-2534-41c9-92a2-f0ba04a7c832
[NotebookApp | WARNING] No nbgrader_config.py file found (rerun with --debug to see where nbgrader is looking)
[NotebookApp | INFO] Loading the validate_assignment nbgrader serverextension
[NotebookApp | INFO] Serving notebooks from local directory: /home/felixneubuerger/Dokumente/introduction_to_python
[NotebookApp | INFO] The Jupyter Notebook is running at:
[NotebookApp | INFO] http://localhost:8888/?token=c7102d10f862921b222296ac59aa8a648e9ce5c391112cfc
[NotebookApp | INFO] Use Control-C to stop this server and shut down all kernels (twice to skip confirmation).
[NotebookApp | CRITICAL] 
    
    To access the notebook, open this file in a browser:
        file:///run/user/1001/jupyter/nbserver-14907-open.html
    Or copy and paste one of these URLs:
        http://localhost:8888/?token=c7102d10f862921b222296ac59aa8a648e9ce5c391112cfc
[NotebookApp | INFO] Kernel started: c1e88f18-972d-44e0-9315-6bdf1fc3807a
[NotebookApp | INFO] Adapting to protocol v5.1 for kernel c1e88f18-972d-44e0-9315-6bdf1fc3807a
[NotebookApp | INFO] Kernel started: 56a00aa7-9f16-489d-aa08-0dc22919c564
[NotebookApp | INFO] Adapting to protocol v5.1 for kernel 56a00aa7-9f16-489d-aa08-0dc22919c564
[NotebookApp | INFO] Kernel interrupted: c1e88f18-972d-44e0-9315-6bdf1fc3807a
[NotebookApp | INFO] Kernel interrupted: c1e88f18-972d-44e0-9315-6bdf1fc3807a
[NotebookApp | INFO] Saving file at /09-Parallel Computing.ipynb
[NotebookApp | INFO] Saving file at /09-Parallel Computing.ipynb
[NotebookApp | INFO] Kernel interrupted: c1e88f18-972d-44e0-9315-6bdf1fc3807a
[NotebookApp | INFO] Starting buffering for c1e88f18-972d-44e0-9315-6bdf1fc3807a:f1033a27e72548cdbbb1af93708444f4
[NotebookApp | INFO] Kernel restarted: c1e88f18-972d-44e0-9315-6bdf1fc3807a
[NotebookApp | INFO] Kernel restarted: c1e88f18-972d-44e0-9315-6bdf1fc3807a
[NotebookApp | INFO] Adapting to protocol v5.1 for kernel c1e88f18-972d-44e0-9315-6bdf1fc3807a
[NotebookApp | INFO] Restoring connection for c1e88f18-972d-44e0-9315-6bdf1fc3807a:f1033a27e72548cdbbb1af93708444f4
[NotebookApp | INFO] Replaying 9 buffered messages
[NotebookApp | INFO] Starting buffering for c1e88f18-972d-44e0-9315-6bdf1fc3807a:f1033a27e72548cdbbb1af93708444f4
[NotebookApp | INFO] Adapting to protocol v5.1 for kernel c1e88f18-972d-44e0-9315-6bdf1fc3807a
[NotebookApp | INFO] Restoring connection for c1e88f18-972d-44e0-9315-6bdf1fc3807a:f1033a27e72548cdbbb1af93708444f4
[NotebookApp | INFO] Saving file at /09-Parallel Computing.ipynb
[NotebookApp | INFO] Saving file at /09-Parallel Computing.ipynb
[NotebookApp | INFO] Starting buffering for c1e88f18-972d-44e0-9315-6bdf1fc3807a:f1033a27e72548cdbbb1af93708444f4
[NotebookApp | INFO] Kernel restarted: c1e88f18-972d-44e0-9315-6bdf1fc3807a
[NotebookApp | INFO] Kernel restarted: c1e88f18-972d-44e0-9315-6bdf1fc3807a
[NotebookApp | INFO] Adapting to protocol v5.1 for kernel c1e88f18-972d-44e0-9315-6bdf1fc3807a
[NotebookApp | INFO] Restoring connection for c1e88f18-972d-44e0-9315-6bdf1fc3807a:f1033a27e72548cdbbb1af93708444f4
[NotebookApp | INFO] Replaying 7 buffered messages
[NotebookApp | INFO] Starting buffering for c1e88f18-972d-44e0-9315-6bdf1fc3807a:f1033a27e72548cdbbb1af93708444f4
[NotebookApp | INFO] Adapting to protocol v5.1 for kernel c1e88f18-972d-44e0-9315-6bdf1fc3807a
[NotebookApp | INFO] Restoring connection for c1e88f18-972d-44e0-9315-6bdf1fc3807a:f1033a27e72548cdbbb1af93708444f4
[NotebookApp | INFO] Saving file at /09-Parallel Computing.ipynb
[NotebookApp | WARNING] Notebook 09-Parallel Computing.ipynb is not trusted
[NotebookApp | INFO] Saving file at /09-Parallel Computing.ipynb
[NotebookApp | INFO] Saving file at /09-Parallel Computing.ipynb
[NotebookApp | INFO] Saving file at /09-Parallel Computing.ipynb
[NotebookApp | INFO] Saving file at /09-Parallel Computing.ipynb
[NotebookApp | INFO] Saving file at /09-Parallel Computing.ipynb
[NotebookApp | INFO] Saving file at /09-Parallel Computing.ipynb
[NotebookApp | INFO] Starting buffering for c1e88f18-972d-44e0-9315-6bdf1fc3807a:f1033a27e72548cdbbb1af93708444f4
[NotebookApp | INFO] Kernel restarted: c1e88f18-972d-44e0-9315-6bdf1fc3807a
[NotebookApp | INFO] Adapting to protocol v5.1 for kernel c1e88f18-972d-44e0-9315-6bdf1fc3807a
[NotebookApp | INFO] Restoring connection for c1e88f18-972d-44e0-9315-6bdf1fc3807a:f1033a27e72548cdbbb1af93708444f4
[NotebookApp | INFO] Replaying 6 buffered messages
[NotebookApp | INFO] Saving file at /09-Parallel Computing.ipynb
[NotebookApp | INFO] Saving file at /09-Parallel Computing.ipynb
[NotebookApp | INFO] Saving file at /09-Parallel Computing.ipynb
[NotebookApp | INFO] Saving file at /09-Parallel Computing.ipynb
[NotebookApp | INFO] Saving file at /09-Parallel Computing.ipynb
[NotebookApp | INFO] Saving file at /09-Parallel Computing.ipynb
[NotebookApp | INFO] Saving file at /09-Parallel Computing.ipynb
[NotebookApp | WARNING] WebSocket ping timeout after 109234 ms.
[NotebookApp | WARNING] No nbgrader_config.py file found (rerun with --debug to see where nbgrader is looking)
[NotebookApp | INFO] Loading the validate_assignment nbgrader serverextension
[NotebookApp | INFO] Serving notebooks from local directory: /home/felixneubuerger/Dokumente/introduction_to_python
[NotebookApp | INFO] The Jupyter Notebook is running at:
[NotebookApp | INFO] http://localhost:8888/?token=ea3862485196d9838b25aea9bdd55bbdd744d7a2037b48ca
[NotebookApp | INFO] Use Control-C to stop this server and shut down all kernels (twice to skip confirmation).
[NotebookApp | CRITICAL] 
    
    To access the notebook, open this file in a browser:
        file:///run/user/1001/jupyter/nbserver-379-open.html
    Or copy and paste one of these URLs:
        http://localhost:8888/?token=ea3862485196d9838b25aea9bdd55bbdd744d7a2037b48ca
[NotebookApp | WARNING] Notebook 09-Parallel Computing.ipynb is not trusted
[NotebookApp | INFO] Kernel started: 71005230-0b75-4690-bc4e-d96766747a1e
[NotebookApp | INFO] Adapting to protocol v5.1 for kernel 71005230-0b75-4690-bc4e-d96766747a1e
[NotebookApp | WARNING] IOPub data rate exceeded.
    The notebook server will temporarily stop sending output
    to the client in order to avoid crashing it.
    To change this limit, set the config variable
    `--NotebookApp.iopub_data_rate_limit`.
    
    Current values:
    NotebookApp.iopub_data_rate_limit=1000000.0 (bytes/sec)
    NotebookApp.rate_limit_window=3.0 (secs)
    
[NotebookApp | INFO] Saving file at /09-Parallel Computing.ipynb
[NotebookApp | INFO] Saving file at /09-Parallel Computing.ipynb
[NotebookApp | INFO] Saving file at /09-Parallel Computing.ipynb
[NotebookApp | INFO] Saving file at /09-Parallel Computing.ipynb
[NotebookApp | WARNING] No nbgrader_config.py file found (rerun with --debug to see where nbgrader is looking)
[NotebookApp | INFO] Loading the validate_assignment nbgrader serverextension
[NotebookApp | INFO] Serving notebooks from local directory: /home/felixneubuerger/Dokumente/introduction_to_python
[NotebookApp | INFO] The Jupyter Notebook is running at:
[NotebookApp | INFO] http://localhost:8888/?token=181e4ae891602373d25866e090de03d624ff069519ae64d2
[NotebookApp | INFO] Use Control-C to stop this server and shut down all kernels (twice to skip confirmation).
[NotebookApp | CRITICAL] 
    
    To access the notebook, open this file in a browser:
        file:///run/user/1001/jupyter/nbserver-4395-open.html
    Or copy and paste one of these URLs:
        http://localhost:8888/?token=181e4ae891602373d25866e090de03d624ff069519ae64d2
[NotebookApp | INFO] Kernel started: 2b7af771-1f14-45ca-a4b4-42226a9ed303
[NotebookApp | INFO] Adapting to protocol v5.1 for kernel 2b7af771-1f14-45ca-a4b4-42226a9ed303
[NotebookApp | INFO] Starting buffering for 2b7af771-1f14-45ca-a4b4-42226a9ed303:6d8c8405fc374323a8d81c5e80b78dcf
[NotebookApp | INFO] Kernel restarted: 2b7af771-1f14-45ca-a4b4-42226a9ed303
[NotebookApp | INFO] Adapting to protocol v5.1 for kernel 2b7af771-1f14-45ca-a4b4-42226a9ed303
[NotebookApp | INFO] Restoring connection for 2b7af771-1f14-45ca-a4b4-42226a9ed303:6d8c8405fc374323a8d81c5e80b78dcf
[NotebookApp | INFO] Replaying 6 buffered messages
[NotebookApp | INFO] Saving file at /09-Parallel Computing.ipynb
[NotebookApp | INFO] Saving file at /09-Parallel Computing.ipynb
[NotebookApp | INFO] Saving file at /09-Parallel Computing.ipynb
[NotebookApp | INFO] Saving file at /09-Parallel Computing.ipynb
[NotebookApp | INFO] Saving file at /09-Parallel Computing.ipynb
[NotebookApp | INFO] Saving file at /09-Parallel Computing.ipynb
[NotebookApp | INFO] Saving file at /09-Parallel Computing.ipynb
[NotebookApp | INFO] Saving file at /09-Parallel Computing.ipynb
[NotebookApp | INFO] Saving file at /09-Parallel Computing.ipynb
[NotebookApp | INFO] Saving file at /09-Parallel Computing.ipynb
[NotebookApp | INFO] Saving file at /09-Parallel Computing.ipynb
[NotebookApp | INFO] Saving file at /09-Parallel Computing.ipynb
[NotebookApp | INFO] Saving file at /09-Parallel Computing.ipynb
[NotebookApp | INFO] Saving file at /09-Parallel Computing.ipynb
[NotebookApp | INFO] Creating new notebook in 
[NotebookApp | INFO] Kernel started: 4f49f834-138c-4604-ba58-718d568e8506
[NotebookApp | INFO] Adapting to protocol v5.1 for kernel 4f49f834-138c-4604-ba58-718d568e8506
[NotebookApp | INFO] Saving file at /09-Parallel Computing.ipynb
[NotebookApp | INFO] Saving file at /10-Distributed Computing .ipynb
[NotebookApp | INFO] Saving file at /10-Distributed Computing .ipynb
[NotebookApp | INFO] Saving file at /10-Distributed Computing .ipynb
[NotebookApp | INFO] Saving file at /10-Distributed Computing .ipynb
[NotebookApp | INFO] Saving file at /10-Distributed Computing .ipynb
[NotebookApp | INFO] Saving file at /10-Distributed Computing .ipynb
[NotebookApp | INFO] Saving file at /10-Distributed Computing .ipynb
[NotebookApp | INFO] Saving file at /10-Distributed Computing .ipynb
[NotebookApp | INFO] Saving file at /10-Distributed Computing .ipynb
[NotebookApp | INFO] Saving file at /10-Distributed Computing .ipynb
[NotebookApp | INFO] Saving file at /10-Distributed Computing .ipynb
[NotebookApp | INFO] Saving file at /10-Distributed Computing .ipynb
[NotebookApp | INFO] Saving file at /10-Distributed Computing .ipynb
[NotebookApp | INFO] Saving file at /10-Distributed Computing .ipynb
[NotebookApp | INFO] Saving file at /10-Distributed Computing .ipynb
[NotebookApp | INFO] Saving file at /10-Distributed Computing .ipynb
[NotebookApp | INFO] Saving file at /10-Distributed Computing .ipynb
[NotebookApp | INFO] Saving file at /10-Distributed Computing .ipynb
[NotebookApp | INFO] Saving file at /10-Distributed Computing .ipynb
[NotebookApp | INFO] Saving file at /10-Distributed Computing .ipynb
[NotebookApp | INFO] Saving file at /10-Distributed Computing .ipynb
[NotebookApp | INFO] Saving file at /10-Distributed Computing .ipynb
[NotebookApp | INFO] Saving file at /10-Distributed Computing .ipynb
[NotebookApp | INFO] Saving file at /10-Distributed Computing .ipynb
[NotebookApp | INFO] Saving file at /10-Distributed Computing .ipynb
[NotebookApp | INFO] Saving file at /10-Distributed Computing .ipynb
[NotebookApp | INFO] Starting buffering for 4f49f834-138c-4604-ba58-718d568e8506:bff13efc7bf74cd58f1fd0ab98bd3bc9
[NotebookApp | INFO] Kernel restarted: 4f49f834-138c-4604-ba58-718d568e8506
[NotebookApp | INFO] Adapting to protocol v5.1 for kernel 4f49f834-138c-4604-ba58-718d568e8506
[NotebookApp | INFO] Restoring connection for 4f49f834-138c-4604-ba58-718d568e8506:bff13efc7bf74cd58f1fd0ab98bd3bc9
[NotebookApp | INFO] Replaying 6 buffered messages
[NotebookApp | INFO] Starting buffering for 2b7af771-1f14-45ca-a4b4-42226a9ed303:6d8c8405fc374323a8d81c5e80b78dcf
[NotebookApp | INFO] Starting buffering for 4f49f834-138c-4604-ba58-718d568e8506:bff13efc7bf74cd58f1fd0ab98bd3bc9
[NotebookApp | INFO] interrupted
[NotebookApp | CRITICAL] Shutdown confirmed
[NotebookApp | INFO] Shutting down 2 kernels
[NotebookApp | INFO] Kernel shutdown: 2b7af771-1f14-45ca-a4b4-42226a9ed303
[NotebookApp | INFO] Kernel shutdown: 4f49f834-138c-4604-ba58-718d568e8506
[NotebookApp | WARNING] No nbgrader_config.py file found (rerun with --debug to see where nbgrader is looking)
[NotebookApp | INFO] Loading the validate_assignment nbgrader serverextension
[NotebookApp | INFO] Serving notebooks from local directory: /home/felixneubuerger/Dokumente/introduction_to_python
[NotebookApp | INFO] The Jupyter Notebook is running at:
[NotebookApp | INFO] http://localhost:8888/?token=bc70f922e47e07f334755be402a45ecb7b039e85bb7dc7c9
[NotebookApp | INFO] Use Control-C to stop this server and shut down all kernels (twice to skip confirmation).
[NotebookApp | CRITICAL] 
    
    To access the notebook, open this file in a browser:
        file:///run/user/1001/jupyter/nbserver-6430-open.html
    Or copy and paste one of these URLs:
        http://localhost:8888/?token=bc70f922e47e07f334755be402a45ecb7b039e85bb7dc7c9
[NotebookApp | INFO] Kernel started: 1d19199d-7e46-4eb9-8a17-2beb3c89ab47
[NotebookApp | INFO] Adapting to protocol v5.1 for kernel 1d19199d-7e46-4eb9-8a17-2beb3c89ab47
[NotebookApp | INFO] Saving file at /10-Distributed Computing .ipynb
[NotebookApp | INFO] Saving file at /10-Distributed Computing .ipynb
[NotebookApp | INFO] Saving file at /10-Distributed Computing .ipynb
[NotebookApp | INFO] Saving file at /10-Distributed Computing .ipynb
[NotebookApp | INFO] Saving file at /10-Distributed Computing .ipynb
[NotebookApp | INFO] Saving file at /10-Distributed Computing .ipynb
[NotebookApp | INFO] Saving file at /10-Distributed Computing .ipynb
[NotebookApp | INFO] Starting buffering for 1d19199d-7e46-4eb9-8a17-2beb3c89ab47:19b53befb8a3483a831d3d043d7049ea
[NotebookApp | INFO] Kernel restarted: 1d19199d-7e46-4eb9-8a17-2beb3c89ab47
[NotebookApp | INFO] Adapting to protocol v5.1 for kernel 1d19199d-7e46-4eb9-8a17-2beb3c89ab47
[NotebookApp | INFO] Restoring connection for 1d19199d-7e46-4eb9-8a17-2beb3c89ab47:19b53befb8a3483a831d3d043d7049ea
[NotebookApp | INFO] Replaying 3 buffered messages
[NotebookApp | INFO] Saving file at /10-Distributed Computing .ipynb
[NotebookApp | INFO] Kernel interrupted: 1d19199d-7e46-4eb9-8a17-2beb3c89ab47
[NotebookApp | INFO] Kernel interrupted: 1d19199d-7e46-4eb9-8a17-2beb3c89ab47
[NotebookApp | INFO] Starting buffering for 1d19199d-7e46-4eb9-8a17-2beb3c89ab47:19b53befb8a3483a831d3d043d7049ea
[NotebookApp | INFO] Kernel restarted: 1d19199d-7e46-4eb9-8a17-2beb3c89ab47
[NotebookApp | INFO] Adapting to protocol v5.1 for kernel 1d19199d-7e46-4eb9-8a17-2beb3c89ab47
[NotebookApp | INFO] Restoring connection for 1d19199d-7e46-4eb9-8a17-2beb3c89ab47:19b53befb8a3483a831d3d043d7049ea
[NotebookApp | INFO] Replaying 6 buffered messages
[NotebookApp | INFO] Saving file at /10-Distributed Computing .ipynb
[NotebookApp | INFO] Starting buffering for 1d19199d-7e46-4eb9-8a17-2beb3c89ab47:19b53befb8a3483a831d3d043d7049ea
[NotebookApp | INFO] Kernel restarted: 1d19199d-7e46-4eb9-8a17-2beb3c89ab47
[NotebookApp | INFO] Adapting to protocol v5.1 for kernel 1d19199d-7e46-4eb9-8a17-2beb3c89ab47
[NotebookApp | INFO] Restoring connection for 1d19199d-7e46-4eb9-8a17-2beb3c89ab47:19b53befb8a3483a831d3d043d7049ea
[NotebookApp | INFO] Replaying 12 buffered messages
[NotebookApp | INFO] Kernel interrupted: 1d19199d-7e46-4eb9-8a17-2beb3c89ab47
[NotebookApp | INFO] Saving file at /10-Distributed Computing .ipynb
[NotebookApp | INFO] Saving file at /10-Distributed Computing .ipynb
[NotebookApp | INFO] Saving file at /10-Distributed Computing .ipynb
[NotebookApp | INFO] Saving file at /10-Distributed Computing .ipynb
[NotebookApp | INFO] Saving file at /10-Distributed Computing .ipynb
[NotebookApp | INFO] Saving file at /10-Distributed Computing .ipynb
[NotebookApp | INFO] Saving file at /10-Distributed Computing .ipynb
[NotebookApp | INFO] Saving file at /10-Distributed Computing .ipynb
[NotebookApp | INFO] Saving file at /10-Distributed Computing .ipynb
[NotebookApp | INFO] Saving file at /10-Distributed Computing .ipynb
[NotebookApp | INFO] Saving file at /10-Distributed Computing .ipynb
[NotebookApp | INFO] Kernel started: bcdbfb61-304c-4ded-88d7-ce21f9373876
[NotebookApp | INFO] Adapting to protocol v5.1 for kernel bcdbfb61-304c-4ded-88d7-ce21f9373876
[NotebookApp | INFO] Saving file at /09-Parallel Computing.ipynb
[NotebookApp | INFO] Saving file at /10-Distributed Computing .ipynb
[NotebookApp | INFO] Kernel interrupted: 1d19199d-7e46-4eb9-8a17-2beb3c89ab47
[NotebookApp | INFO] Saving file at /10-Distributed Computing .ipynb
[NotebookApp | INFO] Saving file at /10-Distributed Computing .ipynb
[NotebookApp | INFO] Starting buffering for 1d19199d-7e46-4eb9-8a17-2beb3c89ab47:19b53befb8a3483a831d3d043d7049ea
[NotebookApp | INFO] Kernel restarted: 1d19199d-7e46-4eb9-8a17-2beb3c89ab47
[NotebookApp | INFO] Adapting to protocol v5.1 for kernel 1d19199d-7e46-4eb9-8a17-2beb3c89ab47
[NotebookApp | INFO] Restoring connection for 1d19199d-7e46-4eb9-8a17-2beb3c89ab47:19b53befb8a3483a831d3d043d7049ea
[NotebookApp | INFO] Replaying 3 buffered messages
[NotebookApp | INFO] Starting buffering for bcdbfb61-304c-4ded-88d7-ce21f9373876:3d7e03fe7e084f108376721a17a9c9f4
[NotebookApp | INFO] Saving file at /10-Distributed Computing .ipynb
[NotebookApp | INFO] Saving file at /10-Distributed Computing .ipynb
[NotebookApp | INFO] Kernel interrupted: 1d19199d-7e46-4eb9-8a17-2beb3c89ab47
[NotebookApp | INFO] Kernel interrupted: 1d19199d-7e46-4eb9-8a17-2beb3c89ab47
[NotebookApp | INFO] Starting buffering for 1d19199d-7e46-4eb9-8a17-2beb3c89ab47:19b53befb8a3483a831d3d043d7049ea
[NotebookApp | INFO] Kernel restarted: 1d19199d-7e46-4eb9-8a17-2beb3c89ab47
[NotebookApp | INFO] Adapting to protocol v5.1 for kernel 1d19199d-7e46-4eb9-8a17-2beb3c89ab47
[NotebookApp | INFO] Restoring connection for 1d19199d-7e46-4eb9-8a17-2beb3c89ab47:19b53befb8a3483a831d3d043d7049ea
[NotebookApp | INFO] Replaying 6 buffered messages
[NotebookApp | INFO] Saving file at /10-Distributed Computing .ipynb
[NotebookApp | INFO] Saving file at /10-Distributed Computing .ipynb
[NotebookApp | INFO] Adapting to protocol v5.1 for kernel bcdbfb61-304c-4ded-88d7-ce21f9373876
[NotebookApp | INFO] Kernel interrupted: 1d19199d-7e46-4eb9-8a17-2beb3c89ab47
[NotebookApp | INFO] Saving file at /10-Distributed Computing .ipynb
[NotebookApp | INFO] Starting buffering for 1d19199d-7e46-4eb9-8a17-2beb3c89ab47:19b53befb8a3483a831d3d043d7049ea
[NotebookApp | INFO] Kernel restarted: 1d19199d-7e46-4eb9-8a17-2beb3c89ab47
[NotebookApp | INFO] Adapting to protocol v5.1 for kernel 1d19199d-7e46-4eb9-8a17-2beb3c89ab47
[NotebookApp | INFO] Restoring connection for 1d19199d-7e46-4eb9-8a17-2beb3c89ab47:19b53befb8a3483a831d3d043d7049ea
[NotebookApp | INFO] Replaying 3 buffered messages
[NotebookApp | INFO] Kernel interrupted: 1d19199d-7e46-4eb9-8a17-2beb3c89ab47
[NotebookApp | INFO] Kernel interrupted: 1d19199d-7e46-4eb9-8a17-2beb3c89ab47
[NotebookApp | INFO] Starting buffering for 1d19199d-7e46-4eb9-8a17-2beb3c89ab47:19b53befb8a3483a831d3d043d7049ea
[NotebookApp | INFO] Kernel restarted: 1d19199d-7e46-4eb9-8a17-2beb3c89ab47
[NotebookApp | INFO] Adapting to protocol v5.1 for kernel 1d19199d-7e46-4eb9-8a17-2beb3c89ab47
[NotebookApp | INFO] Restoring connection for 1d19199d-7e46-4eb9-8a17-2beb3c89ab47:19b53befb8a3483a831d3d043d7049ea
[NotebookApp | INFO] Replaying 6 buffered messages
[NotebookApp | INFO] Starting buffering for 1d19199d-7e46-4eb9-8a17-2beb3c89ab47:19b53befb8a3483a831d3d043d7049ea
[NotebookApp | INFO] Kernel restarted: 1d19199d-7e46-4eb9-8a17-2beb3c89ab47
[NotebookApp | INFO] Saving file at /10-Distributed Computing .ipynb
[NotebookApp | INFO] Adapting to protocol v5.1 for kernel 1d19199d-7e46-4eb9-8a17-2beb3c89ab47
[NotebookApp | INFO] Restoring connection for 1d19199d-7e46-4eb9-8a17-2beb3c89ab47:19b53befb8a3483a831d3d043d7049ea
[NotebookApp | INFO] Replaying 3 buffered messages
[NotebookApp | INFO] Starting buffering for 1d19199d-7e46-4eb9-8a17-2beb3c89ab47:19b53befb8a3483a831d3d043d7049ea
[NotebookApp | INFO] Kernel restarted: 1d19199d-7e46-4eb9-8a17-2beb3c89ab47
[NotebookApp | INFO] Adapting to protocol v5.1 for kernel 1d19199d-7e46-4eb9-8a17-2beb3c89ab47
[NotebookApp | INFO] Restoring connection for 1d19199d-7e46-4eb9-8a17-2beb3c89ab47:19b53befb8a3483a831d3d043d7049ea
[NotebookApp | INFO] Replaying 17 buffered messages
[NotebookApp | INFO] Saving file at /10-Distributed Computing .ipynb
[NotebookApp | INFO] Saving file at /10-Distributed Computing .ipynb
[NotebookApp | INFO] Starting buffering for 1d19199d-7e46-4eb9-8a17-2beb3c89ab47:19b53befb8a3483a831d3d043d7049ea
[NotebookApp | INFO] Kernel restarted: 1d19199d-7e46-4eb9-8a17-2beb3c89ab47
[NotebookApp | INFO] Adapting to protocol v5.1 for kernel 1d19199d-7e46-4eb9-8a17-2beb3c89ab47
[NotebookApp | INFO] Restoring connection for 1d19199d-7e46-4eb9-8a17-2beb3c89ab47:19b53befb8a3483a831d3d043d7049ea
[NotebookApp | INFO] Replaying 3 buffered messages
[NotebookApp | INFO] Saving file at /10-Distributed Computing .ipynb
[NotebookApp | INFO] Saving file at /10-Distributed Computing .ipynb
[NotebookApp | INFO] Saving file at /10-Distributed Computing .ipynb
[NotebookApp | INFO] Kernel interrupted: 1d19199d-7e46-4eb9-8a17-2beb3c89ab47
[NotebookApp | INFO] Starting buffering for 1d19199d-7e46-4eb9-8a17-2beb3c89ab47:19b53befb8a3483a831d3d043d7049ea
[NotebookApp | INFO] Kernel restarted: 1d19199d-7e46-4eb9-8a17-2beb3c89ab47
[NotebookApp | INFO] Adapting to protocol v5.1 for kernel 1d19199d-7e46-4eb9-8a17-2beb3c89ab47
[NotebookApp | INFO] Restoring connection for 1d19199d-7e46-4eb9-8a17-2beb3c89ab47:19b53befb8a3483a831d3d043d7049ea
[NotebookApp | INFO] Starting buffering for 1d19199d-7e46-4eb9-8a17-2beb3c89ab47:19b53befb8a3483a831d3d043d7049ea
[NotebookApp | INFO] Kernel restarted: 1d19199d-7e46-4eb9-8a17-2beb3c89ab47
[NotebookApp | INFO] Adapting to protocol v5.1 for kernel 1d19199d-7e46-4eb9-8a17-2beb3c89ab47
[NotebookApp | INFO] Restoring connection for 1d19199d-7e46-4eb9-8a17-2beb3c89ab47:19b53befb8a3483a831d3d043d7049ea
[NotebookApp | INFO] Replaying 3 buffered messages
[NotebookApp | INFO] Starting buffering for 1d19199d-7e46-4eb9-8a17-2beb3c89ab47:19b53befb8a3483a831d3d043d7049ea
[NotebookApp | INFO] Kernel restarted: 1d19199d-7e46-4eb9-8a17-2beb3c89ab47
[NotebookApp | INFO] Saving file at /10-Distributed Computing .ipynb
[NotebookApp | INFO] Adapting to protocol v5.1 for kernel 1d19199d-7e46-4eb9-8a17-2beb3c89ab47
[NotebookApp | INFO] Restoring connection for 1d19199d-7e46-4eb9-8a17-2beb3c89ab47:19b53befb8a3483a831d3d043d7049ea
[NotebookApp | INFO] Replaying 2 buffered messages
[NotebookApp | INFO] Saving file at /10-Distributed Computing .ipynb
[NotebookApp | INFO] Starting buffering for 1d19199d-7e46-4eb9-8a17-2beb3c89ab47:19b53befb8a3483a831d3d043d7049ea
[NotebookApp | INFO] Kernel restarted: 1d19199d-7e46-4eb9-8a17-2beb3c89ab47
[NotebookApp | INFO] Adapting to protocol v5.1 for kernel 1d19199d-7e46-4eb9-8a17-2beb3c89ab47
[NotebookApp | INFO] Restoring connection for 1d19199d-7e46-4eb9-8a17-2beb3c89ab47:19b53befb8a3483a831d3d043d7049ea
[NotebookApp | INFO] Replaying 3 buffered messages
[NotebookApp | INFO] Saving file at /10-Distributed Computing .ipynb
[NotebookApp | INFO] Saving file at /10-Distributed Computing .ipynb
[NotebookApp | INFO] Saving file at /10-Distributed Computing .ipynb
[NotebookApp | INFO] Saving file at /10-Distributed Computing .ipynb
[NotebookApp | INFO] Saving file at /10-Distributed Computing .ipynb
[NotebookApp | INFO] Saving file at /10-Distributed Computing .ipynb
[NotebookApp | INFO] Kernel interrupted: 1d19199d-7e46-4eb9-8a17-2beb3c89ab47
[NotebookApp | INFO] Kernel interrupted: 1d19199d-7e46-4eb9-8a17-2beb3c89ab47
[NotebookApp | INFO] Kernel interrupted: 1d19199d-7e46-4eb9-8a17-2beb3c89ab47
[NotebookApp | INFO] Kernel interrupted: 1d19199d-7e46-4eb9-8a17-2beb3c89ab47
[NotebookApp | INFO] Kernel interrupted: 1d19199d-7e46-4eb9-8a17-2beb3c89ab47
[NotebookApp | INFO] Saving file at /10-Distributed Computing .ipynb
[NotebookApp | INFO] Kernel interrupted: 1d19199d-7e46-4eb9-8a17-2beb3c89ab47
[NotebookApp | INFO] Kernel interrupted: 1d19199d-7e46-4eb9-8a17-2beb3c89ab47
[NotebookApp | INFO] Kernel interrupted: 1d19199d-7e46-4eb9-8a17-2beb3c89ab47
[NotebookApp | INFO] Kernel interrupted: 1d19199d-7e46-4eb9-8a17-2beb3c89ab47
[NotebookApp | INFO] Saving file at /10-Distributed Computing .ipynb
[NotebookApp | INFO] Starting buffering for 1d19199d-7e46-4eb9-8a17-2beb3c89ab47:19b53befb8a3483a831d3d043d7049ea
[NotebookApp | INFO] Kernel restarted: 1d19199d-7e46-4eb9-8a17-2beb3c89ab47
[NotebookApp | INFO] Adapting to protocol v5.1 for kernel 1d19199d-7e46-4eb9-8a17-2beb3c89ab47
[NotebookApp | INFO] Restoring connection for 1d19199d-7e46-4eb9-8a17-2beb3c89ab47:19b53befb8a3483a831d3d043d7049ea
[NotebookApp | INFO] Replaying 405 buffered messages
[NotebookApp | INFO] Saving file at /10-Distributed Computing .ipynb
[NotebookApp | INFO] Saving file at /10-Distributed Computing .ipynb
[NotebookApp | INFO] Saving file at /10-Distributed Computing .ipynb
[NotebookApp | INFO] Saving file at /10-Distributed Computing .ipynb
[NotebookApp | INFO] Starting buffering for 1d19199d-7e46-4eb9-8a17-2beb3c89ab47:19b53befb8a3483a831d3d043d7049ea
[NotebookApp | INFO] Kernel restarted: 1d19199d-7e46-4eb9-8a17-2beb3c89ab47
[NotebookApp | INFO] Adapting to protocol v5.1 for kernel 1d19199d-7e46-4eb9-8a17-2beb3c89ab47
[NotebookApp | INFO] Restoring connection for 1d19199d-7e46-4eb9-8a17-2beb3c89ab47:19b53befb8a3483a831d3d043d7049ea
[NotebookApp | INFO] Replaying 6 buffered messages
[NotebookApp | WARNING] IOPub data rate exceeded.
    The notebook server will temporarily stop sending output
    to the client in order to avoid crashing it.
    To change this limit, set the config variable
    `--NotebookApp.iopub_data_rate_limit`.
    
    Current values:
    NotebookApp.iopub_data_rate_limit=1000000.0 (bytes/sec)
    NotebookApp.rate_limit_window=3.0 (secs)
    
[NotebookApp | INFO] Saving file at /10-Distributed Computing .ipynb
[NotebookApp | INFO] Starting buffering for 1d19199d-7e46-4eb9-8a17-2beb3c89ab47:19b53befb8a3483a831d3d043d7049ea
[NotebookApp | INFO] Kernel restarted: 1d19199d-7e46-4eb9-8a17-2beb3c89ab47
[NotebookApp | INFO] Adapting to protocol v5.1 for kernel 1d19199d-7e46-4eb9-8a17-2beb3c89ab47
[NotebookApp | INFO] Restoring connection for 1d19199d-7e46-4eb9-8a17-2beb3c89ab47:19b53befb8a3483a831d3d043d7049ea
[NotebookApp | INFO] Replaying 9 buffered messages
[NotebookApp | INFO] Saving file at /10-Distributed Computing .ipynb
[NotebookApp | INFO] Saving file at /10-Distributed Computing .ipynb
[NotebookApp | INFO] Saving file at /10-Distributed Computing .ipynb
[NotebookApp | INFO] Saving file at /10-Distributed Computing .ipynb
[NotebookApp | INFO] Starting buffering for 1d19199d-7e46-4eb9-8a17-2beb3c89ab47:19b53befb8a3483a831d3d043d7049ea
